{"total": {"lines":{"total":453,"covered":269,"skipped":0,"pct":59.38},"statements":{"total":523,"covered":305,"skipped":0,"pct":58.31},"functions":{"total":133,"covered":70,"skipped":0,"pct":52.63},"branches":{"total":263,"covered":142,"skipped":0,"pct":53.99},"branchesTrue":{"total":0,"covered":0,"skipped":0,"pct":100}}
,"/home/runner/work/todo-pomodoro/todo-pomodoro/src/App.vue": {"lines":{"total":1,"covered":0,"skipped":0,"pct":0},"functions":{"total":0,"covered":0,"skipped":0,"pct":100},"statements":{"total":1,"covered":0,"skipped":0,"pct":0},"branches":{"total":0,"covered":0,"skipped":0,"pct":100}}
,"/home/runner/work/todo-pomodoro/todo-pomodoro/src/components/TaskItem.vue": {"lines":{"total":74,"covered":0,"skipped":0,"pct":0},"functions":{"total":27,"covered":0,"skipped":0,"pct":0},"statements":{"total":78,"covered":0,"skipped":0,"pct":0},"branches":{"total":39,"covered":0,"skipped":0,"pct":0}}
,"/home/runner/work/todo-pomodoro/todo-pomodoro/src/components/ThemeToggle.vue": {"lines":{"total":3,"covered":3,"skipped":0,"pct":100},"functions":{"total":1,"covered":1,"skipped":0,"pct":100},"statements":{"total":3,"covered":3,"skipped":0,"pct":100},"branches":{"total":4,"covered":4,"skipped":0,"pct":100}}
,"/home/runner/work/todo-pomodoro/todo-pomodoro/src/components/TimerDisplay.vue": {"lines":{"total":14,"covered":14,"skipped":0,"pct":100},"functions":{"total":7,"covered":7,"skipped":0,"pct":100},"statements":{"total":14,"covered":14,"skipped":0,"pct":100},"branches":{"total":18,"covered":18,"skipped":0,"pct":100}}
,"/home/runner/work/todo-pomodoro/todo-pomodoro/src/components/ui/button/Button.vue": {"lines":{"total":3,"covered":3,"skipped":0,"pct":100},"functions":{"total":1,"covered":1,"skipped":0,"pct":100},"statements":{"total":3,"covered":3,"skipped":0,"pct":100},"branches":{"total":0,"covered":0,"skipped":0,"pct":100}}
,"/home/runner/work/todo-pomodoro/todo-pomodoro/src/components/ui/button/index.ts": {"lines":{"total":1,"covered":1,"skipped":0,"pct":100},"functions":{"total":0,"covered":0,"skipped":0,"pct":100},"statements":{"total":1,"covered":1,"skipped":0,"pct":100},"branches":{"total":0,"covered":0,"skipped":0,"pct":100}}
,"/home/runner/work/todo-pomodoro/todo-pomodoro/src/components/ui/input/Input.vue": {"lines":{"total":3,"covered":0,"skipped":0,"pct":0},"functions":{"total":0,"covered":0,"skipped":0,"pct":100},"statements":{"total":3,"covered":0,"skipped":0,"pct":0},"branches":{"total":0,"covered":0,"skipped":0,"pct":100}}
,"/home/runner/work/todo-pomodoro/todo-pomodoro/src/components/ui/input/index.ts": {"lines":{"total":0,"covered":0,"skipped":0,"pct":0},"functions":{"total":0,"covered":0,"skipped":0,"pct":0},"statements":{"total":0,"covered":0,"skipped":0,"pct":0},"branches":{"total":0,"covered":0,"skipped":0,"pct":0}}
,"/home/runner/work/todo-pomodoro/todo-pomodoro/src/components/ui/textarea/Textarea.vue": {"lines":{"total":3,"covered":0,"skipped":0,"pct":0},"functions":{"total":0,"covered":0,"skipped":0,"pct":100},"statements":{"total":3,"covered":0,"skipped":0,"pct":0},"branches":{"total":0,"covered":0,"skipped":0,"pct":100}}
,"/home/runner/work/todo-pomodoro/todo-pomodoro/src/components/ui/textarea/index.ts": {"lines":{"total":0,"covered":0,"skipped":0,"pct":0},"functions":{"total":0,"covered":0,"skipped":0,"pct":0},"statements":{"total":0,"covered":0,"skipped":0,"pct":0},"branches":{"total":0,"covered":0,"skipped":0,"pct":0}}
,"/home/runner/work/todo-pomodoro/todo-pomodoro/src/composables/useColorMode.ts": {"lines":{"total":4,"covered":4,"skipped":0,"pct":100},"functions":{"total":3,"covered":3,"skipped":0,"pct":100},"statements":{"total":5,"covered":5,"skipped":0,"pct":100},"branches":{"total":2,"covered":2,"skipped":0,"pct":100}}
,"/home/runner/work/todo-pomodoro/todo-pomodoro/src/composables/usePomodoroCounts.ts": {"lines":{"total":34,"covered":29,"skipped":0,"pct":85.29},"functions":{"total":5,"covered":2,"skipped":0,"pct":40},"statements":{"total":40,"covered":32,"skipped":0,"pct":80},"branches":{"total":26,"covered":24,"skipped":0,"pct":92.3}}
,"/home/runner/work/todo-pomodoro/todo-pomodoro/src/composables/useSession.ts": {"lines":{"total":4,"covered":4,"skipped":0,"pct":100},"functions":{"total":2,"covered":2,"skipped":0,"pct":100},"statements":{"total":4,"covered":4,"skipped":0,"pct":100},"branches":{"total":0,"covered":0,"skipped":0,"pct":100}}
,"/home/runner/work/todo-pomodoro/todo-pomodoro/src/composables/useTasks.ts": {"lines":{"total":141,"covered":140,"skipped":0,"pct":99.29},"functions":{"total":39,"covered":39,"skipped":0,"pct":100},"statements":{"total":181,"covered":169,"skipped":0,"pct":93.37},"branches":{"total":92,"covered":72,"skipped":0,"pct":78.26}}
,"/home/runner/work/todo-pomodoro/todo-pomodoro/src/composables/useTimer.ts": {"lines":{"total":32,"covered":32,"skipped":0,"pct":100},"functions":{"total":8,"covered":8,"skipped":0,"pct":100},"statements":{"total":34,"covered":34,"skipped":0,"pct":100},"branches":{"total":10,"covered":10,"skipped":0,"pct":100}}
,"/home/runner/work/todo-pomodoro/todo-pomodoro/src/db/index.ts": {"lines":{"total":44,"covered":38,"skipped":0,"pct":86.36},"functions":{"total":8,"covered":6,"skipped":0,"pct":75},"statements":{"total":47,"covered":39,"skipped":0,"pct":82.97},"branches":{"total":18,"covered":12,"skipped":0,"pct":66.66}}
,"/home/runner/work/todo-pomodoro/todo-pomodoro/src/lib/utils.ts": {"lines":{"total":1,"covered":1,"skipped":0,"pct":100},"functions":{"total":1,"covered":1,"skipped":0,"pct":100},"statements":{"total":1,"covered":1,"skipped":0,"pct":100},"branches":{"total":0,"covered":0,"skipped":0,"pct":100}}
,"/home/runner/work/todo-pomodoro/todo-pomodoro/src/views/BacklogView.vue": {"lines":{"total":91,"covered":0,"skipped":0,"pct":0},"functions":{"total":31,"covered":0,"skipped":0,"pct":0},"statements":{"total":105,"covered":0,"skipped":0,"pct":0},"branches":{"total":54,"covered":0,"skipped":0,"pct":0}}
}
