TN:
SF:src/App.vue
FNF:0
FNH:0
DA:7,0
LF:1
LH:0
BRF:0
BRH:0
end_of_record
TN:
SF:src/components/TaskItem.vue
FN:57,(anonymous_0)
FN:58,(anonymous_1)
FN:66,startEdit
FN:72,cancel
FN:76,save
FN:86,startAddSubTask
FN:91,cancelAddSubTask
FN:96,submitSubTask
FN:104,onDragStart
FN:114,onDrop
FN:186,(anonymous_10)
FN:193,(anonymous_11)
FN:200,(anonymous_12)
FN:209,(anonymous_13)
FN:211,(anonymous_14)
FN:216,(anonymous_15)
FN:218,(anonymous_16)
FN:223,(anonymous_17)
FN:225,(anonymous_18)
FN:233,(anonymous_19)
FN:240,(anonymous_20)
FN:245,(anonymous_21)
FN:247,(anonymous_22)
FN:256,(anonymous_23)
FN:265,(anonymous_24)
FN:268,(anonymous_25)
FN:271,(anonymous_26)
FNF:27
FNH:0
FNDA:0,(anonymous_0)
FNDA:0,(anonymous_1)
FNDA:0,startEdit
FNDA:0,cancel
FNDA:0,save
FNDA:0,startAddSubTask
FNDA:0,cancelAddSubTask
FNDA:0,submitSubTask
FNDA:0,onDragStart
FNDA:0,onDrop
FNDA:0,(anonymous_10)
FNDA:0,(anonymous_11)
FNDA:0,(anonymous_12)
FNDA:0,(anonymous_13)
FNDA:0,(anonymous_14)
FNDA:0,(anonymous_15)
FNDA:0,(anonymous_16)
FNDA:0,(anonymous_17)
FNDA:0,(anonymous_18)
FNDA:0,(anonymous_19)
FNDA:0,(anonymous_20)
FNDA:0,(anonymous_21)
FNDA:0,(anonymous_22)
FNDA:0,(anonymous_23)
FNDA:0,(anonymous_24)
FNDA:0,(anonymous_25)
FNDA:0,(anonymous_26)
DA:9,0
DA:26,0
DA:38,0
DA:39,0
DA:40,0
DA:42,0
DA:43,0
DA:45,0
DA:46,0
DA:47,0
DA:49,0
DA:56,0
DA:57,0
DA:58,0
DA:60,0
DA:61,0
DA:67,0
DA:68,0
DA:69,0
DA:73,0
DA:77,0
DA:78,0
DA:79,0
DA:83,0
DA:87,0
DA:88,0
DA:92,0
DA:93,0
DA:97,0
DA:98,0
DA:99,0
DA:100,0
DA:101,0
DA:105,0
DA:106,0
DA:108,0
DA:109,0
DA:110,0
DA:115,0
DA:116,0
DA:117,0
DA:132,0
DA:140,0
DA:146,0
DA:159,0
DA:165,0
DA:168,0
DA:171,0
DA:172,0
DA:176,0
DA:181,0
DA:186,0
DA:193,0
DA:199,0
DA:206,0
DA:209,0
DA:210,0
DA:213,0
DA:216,0
DA:217,0
DA:220,0
DA:223,0
DA:224,0
DA:227,0
DA:232,0
DA:239,0
DA:245,0
DA:246,0
DA:253,0
DA:256,0
DA:262,0
DA:265,0
DA:268,0
DA:270,0
LF:74
LH:0
BRDA:60,0,0,0
BRDA:60,0,1,0
BRDA:68,1,0,0
BRDA:68,1,1,0
BRDA:78,2,0,0
BRDA:78,2,1,0
BRDA:81,3,0,0
BRDA:81,3,1,0
BRDA:98,4,0,0
BRDA:98,4,1,0
BRDA:105,5,0,0
BRDA:105,5,1,0
BRDA:108,6,0,0
BRDA:108,6,1,0
BRDA:116,7,0,0
BRDA:116,7,1,0
BRDA:125,8,0,0
BRDA:125,8,1,0
BRDA:125,9,0,0
BRDA:125,9,1,0
BRDA:132,10,0,0
BRDA:146,11,0,0
BRDA:146,11,1,0
BRDA:147,12,0,0
BRDA:147,12,1,0
BRDA:159,13,0,0
BRDA:165,14,0,0
BRDA:171,15,0,0
BRDA:176,16,0,0
BRDA:206,17,0,0
BRDA:206,17,1,0
BRDA:206,18,0,0
BRDA:206,18,1,0
BRDA:213,19,0,0
BRDA:213,19,1,0
BRDA:213,20,0,0
BRDA:213,20,1,0
BRDA:220,21,0,0
BRDA:227,22,0,0
BRF:39
BRH:0
end_of_record
TN:
SF:src/components/ThemeToggle.vue
FN:16,(anonymous_0)
FNF:1
FNH:1
FNDA:8,(anonymous_0)
DA:6,4
DA:10,8
DA:16,8
LF:3
LH:3
BRDA:13,0,0,4
BRDA:13,0,1,4
BRDA:16,1,0,4
BRDA:16,1,1,4
BRF:4
BRH:4
end_of_record
TN:
SF:src/components/TimerDisplay.vue
FN:17,(anonymous_0)
FN:38,(anonymous_1)
FN:41,(anonymous_2)
FN:46,(anonymous_3)
FN:49,(anonymous_4)
FN:54,(anonymous_5)
FN:57,(anonymous_6)
FNF:7
FNH:7
FNDA:8,(anonymous_0)
FNDA:1,(anonymous_1)
FNDA:4,(anonymous_2)
FNDA:1,(anonymous_3)
FNDA:2,(anonymous_4)
FNDA:1,(anonymous_5)
FNDA:2,(anonymous_6)
DA:5,8
DA:11,8
DA:17,8
DA:18,8
DA:19,8
DA:20,8
DA:25,8
DA:26,1
DA:38,1
DA:41,4
DA:46,1
DA:49,2
DA:54,1
DA:57,2
LF:14
LH:14
BRDA:32,0,0,4
BRDA:32,0,1,4
BRDA:32,1,0,8
BRDA:32,1,1,6
BRDA:38,2,0,4
BRDA:38,2,1,4
BRDA:41,3,0,4
BRDA:41,3,1,4
BRDA:43,4,0,2
BRDA:43,4,1,2
BRDA:46,5,0,2
BRDA:46,5,1,2
BRDA:49,6,0,2
BRDA:49,6,1,2
BRDA:54,7,0,2
BRDA:54,7,1,2
BRDA:57,8,0,2
BRDA:57,8,1,2
BRF:18
BRH:18
end_of_record
TN:
SF:src/components/ui/button/Button.vue
FN:29,(anonymous_0)
FNF:1
FNH:1
FNDA:17,(anonymous_0)
DA:15,13
DA:21,17
DA:29,17
LF:3
LH:3
BRF:0
BRH:0
end_of_record
TN:
SF:src/components/ui/button/index.ts
FNF:0
FNH:0
DA:6,3
LF:1
LH:1
BRF:0
BRH:0
end_of_record
TN:
SF:src/components/ui/input/Input.vue
FNF:0
FNH:0
DA:6,0
DA:12,0
DA:16,0
LF:3
LH:0
BRF:0
BRH:0
end_of_record
TN:
SF:src/components/ui/input/index.ts
FNF:0
FNH:0
LF:0
LH:0
BRF:0
BRH:0
end_of_record
TN:
SF:src/components/ui/textarea/Textarea.vue
FNF:0
FNH:0
DA:6,0
DA:12,0
DA:16,0
LF:3
LH:0
BRF:0
BRH:0
end_of_record
TN:
SF:src/components/ui/textarea/index.ts
FNF:0
FNH:0
LF:0
LH:0
BRF:0
BRH:0
end_of_record
TN:
SF:src/composables/useColorMode.ts
FN:12,useColorMode
FN:21,(anonymous_1)
FN:23,toggle
FNF:3
FNH:3
FNDA:4,useColorMode
FNDA:8,(anonymous_1)
FNDA:4,toggle
DA:13,4
DA:21,8
DA:24,4
DA:27,4
LF:4
LH:4
BRDA:24,0,0,1
BRDA:24,0,1,3
BRF:2
BRH:2
end_of_record
TN:
SF:src/composables/usePomodoroCounts.ts
FN:16,sessionRefersToTask
FN:33,computeCounts
FN:93,usePomodoroCounts
FN:100,loadSessions
FN:105,(anonymous_4)
FNF:5
FNH:2
FNDA:42,sessionRefersToTask
FNDA:9,computeCounts
FNDA:0,usePomodoroCounts
FNDA:0,loadSessions
FNDA:0,(anonymous_4)
DA:17,42
DA:18,41
DA:37,9
DA:41,9
DA:42,9
DA:43,14
DA:44,5
DA:45,5
DA:46,5
DA:50,9
DA:51,14
DA:52,14
DA:55,14
DA:56,14
DA:57,14
DA:58,30
DA:59,17
DA:60,17
DA:65,14
DA:66,14
DA:67,14
DA:68,14
DA:69,5
DA:70,5
DA:71,12
DA:72,6
DA:73,6
DA:78,14
DA:84,9
DA:98,0
DA:101,0
DA:102,0
DA:105,0
DA:107,0
LF:34
LH:29
BRDA:17,0,0,1
BRDA:17,0,1,41
BRDA:17,1,0,42
BRDA:17,1,1,11
BRDA:18,2,0,41
BRDA:18,2,1,31
BRDA:43,3,0,5
BRDA:43,3,1,9
BRDA:43,4,0,14
BRDA:43,4,1,5
BRDA:44,5,0,5
BRDA:44,5,1,4
BRDA:51,6,0,0
BRDA:51,6,1,14
BRDA:58,7,0,17
BRDA:58,7,1,13
BRDA:60,8,0,12
BRDA:60,8,1,5
BRDA:67,9,0,14
BRDA:67,9,1,10
BRDA:69,10,0,0
BRDA:69,10,1,5
BRDA:71,11,0,6
BRDA:71,11,1,6
BRDA:73,12,0,4
BRDA:73,12,1,2
BRF:26
BRH:24
end_of_record
TN:
SF:src/composables/useSession.ts
FN:11,useSession
FN:12,createSession
FNF:2
FNH:2
FNDA:5,useSession
FNDA:5,createSession
DA:13,5
DA:14,5
DA:21,5
DA:24,5
LF:4
LH:4
BRF:0
BRH:0
end_of_record
TN:
SF:src/composables/useTasks.ts
FN:4,useTasks
FN:9,loadTasks
FN:17,(anonymous_2)
FN:27,addTask
FN:33,(anonymous_4)
FN:34,(anonymous_5)
FN:47,addSubTask
FN:65,(anonymous_7)
FN:66,(anonymous_8)
FN:80,toggleTask
FN:83,(anonymous_10)
FN:94,(anonymous_11)
FN:99,(anonymous_12)
FN:103,(anonymous_13)
FN:110,(anonymous_14)
FN:111,(anonymous_15)
FN:120,(anonymous_16)
FN:123,startTask
FN:126,(anonymous_18)
FN:195,updateTask
FN:201,(anonymous_20)
FN:205,removeTask
FN:211,(anonymous_22)
FN:216,(anonymous_23)
FN:217,(anonymous_24)
FN:220,(anonymous_25)
FN:221,(anonymous_26)
FN:224,reorderTask
FN:228,(anonymous_28)
FN:229,(anonymous_29)
FN:242,(anonymous_30)
FN:243,(anonymous_31)
FN:245,(anonymous_32)
FN:250,(anonymous_33)
FN:257,(anonymous_34)
FN:261,(anonymous_35)
FN:262,(anonymous_36)
FN:268,(anonymous_37)
FN:268,(anonymous_38)
FNF:39
FNH:39
FNDA:40,useTasks
FNDA:69,loadTasks
FNDA:163,(anonymous_2)
FNDA:58,addTask
FNDA:28,(anonymous_4)
FNDA:26,(anonymous_5)
FNDA:33,addSubTask
FNDA:56,(anonymous_7)
FNDA:12,(anonymous_8)
FNDA:15,toggleTask
FNDA:23,(anonymous_10)
FNDA:1,(anonymous_11)
FNDA:3,(anonymous_12)
FNDA:1,(anonymous_13)
FNDA:29,(anonymous_14)
FNDA:6,(anonymous_15)
FNDA:26,(anonymous_16)
FNDA:13,startTask
FNDA:25,(anonymous_18)
FNDA:1,updateTask
FNDA:1,(anonymous_20)
FNDA:5,removeTask
FNDA:11,(anonymous_22)
FNDA:3,(anonymous_23)
FNDA:3,(anonymous_24)
FNDA:3,(anonymous_25)
FNDA:11,(anonymous_26)
FNDA:8,reorderTask
FNDA:22,(anonymous_28)
FNDA:16,(anonymous_29)
FNDA:14,(anonymous_30)
FNDA:4,(anonymous_31)
FNDA:11,(anonymous_32)
FNDA:6,(anonymous_33)
FNDA:13,(anonymous_34)
FNDA:13,(anonymous_35)
FNDA:13,(anonymous_36)
FNDA:18,(anonymous_37)
FNDA:35,(anonymous_38)
DA:5,40
DA:6,40
DA:7,40
DA:10,69
DA:11,69
DA:12,69
DA:13,69
DA:17,69
DA:18,163
DA:23,69
DA:28,58
DA:29,58
DA:33,58
DA:34,58
DA:35,58
DA:42,58
DA:43,58
DA:44,58
DA:52,33
DA:53,33
DA:54,33
DA:55,0
DA:59,33
DA:60,1
DA:64,32
DA:65,56
DA:66,32
DA:67,32
DA:75,32
DA:76,32
DA:77,32
DA:81,15
DA:82,15
DA:83,23
DA:84,15
DA:87,15
DA:88,2
DA:89,2
DA:93,2
DA:94,1
DA:96,2
DA:97,1
DA:98,1
DA:99,1
DA:100,3
DA:103,1
DA:105,2
DA:110,29
DA:111,13
DA:112,13
DA:113,1
DA:118,12
DA:119,12
DA:120,26
DA:124,13
DA:125,13
DA:126,25
DA:127,13
DA:131,13
DA:132,13
DA:133,4
DA:138,13
DA:139,13
DA:140,13
DA:141,31
DA:142,31
DA:143,14
DA:144,6
DA:151,13
DA:152,13
DA:153,6
DA:154,6
DA:155,1
DA:162,6
DA:164,13
DA:167,13
DA:168,6
DA:174,13
DA:175,13
DA:176,13
DA:177,31
DA:178,31
DA:179,17
DA:180,17
DA:181,17
DA:182,17
DA:183,14
DA:184,6
DA:185,6
DA:186,6
DA:188,8
DA:191,13
DA:192,13
DA:196,1
DA:197,1
DA:198,1
DA:199,1
DA:200,1
DA:201,1
DA:202,1
DA:206,5
DA:210,5
DA:211,11
DA:212,5
DA:213,5
DA:214,5
DA:216,3
DA:217,3
DA:219,5
DA:220,5
DA:221,11
DA:225,8
DA:226,8
DA:227,8
DA:228,22
DA:229,16
DA:230,8
DA:236,8
DA:237,8
DA:238,8
DA:239,6
DA:241,5
DA:242,14
DA:243,4
DA:245,11
DA:246,8
DA:247,5
DA:248,5
DA:249,5
DA:250,6
DA:251,5
DA:255,5
DA:256,8
DA:257,13
DA:258,8
DA:259,8
DA:261,13
DA:262,13
DA:264,5
DA:268,35
DA:271,40
LF:141
LH:140
BRDA:18,0,0,3
BRDA:18,0,1,160
BRDA:43,1,0,58
BRDA:43,1,1,0
BRDA:54,2,0,0
BRDA:54,2,1,33
BRDA:59,3,0,1
BRDA:59,3,1,32
BRDA:76,4,0,32
BRDA:76,4,1,0
BRDA:84,5,0,0
BRDA:84,5,1,15
BRDA:87,6,0,2
BRDA:87,6,1,13
BRDA:93,7,0,1
BRDA:93,7,1,1
BRDA:96,8,0,1
BRDA:96,8,1,1
BRDA:96,9,0,2
BRDA:96,9,1,1
BRDA:100,10,0,1
BRDA:100,10,1,2
BRDA:100,11,0,1
BRDA:100,11,1,1
BRDA:103,12,0,1
BRDA:103,12,1,0
BRDA:112,13,0,1
BRDA:112,13,1,12
BRDA:120,14,0,12
BRDA:120,14,1,14
BRDA:127,15,0,0
BRDA:127,15,1,13
BRDA:132,16,0,4
BRDA:132,16,1,9
BRDA:141,17,0,0
BRDA:141,17,1,31
BRDA:142,18,0,17
BRDA:142,18,1,14
BRDA:142,19,0,31
BRDA:142,19,1,18
BRDA:143,20,0,6
BRDA:143,20,1,8
BRDA:153,21,0,0
BRDA:153,21,1,6
BRDA:154,22,0,5
BRDA:154,22,1,1
BRDA:154,23,0,6
BRDA:154,23,1,1
BRDA:156,24,0,0
BRDA:156,24,1,1
BRDA:157,25,0,0
BRDA:157,25,1,1
BRDA:159,26,0,6
BRDA:159,26,1,0
BRDA:168,27,0,6
BRDA:168,27,1,0
BRDA:177,28,0,0
BRDA:177,28,1,31
BRDA:178,29,0,17
BRDA:178,29,1,14
BRDA:178,30,0,31
BRDA:178,30,1,18
BRDA:183,31,0,6
BRDA:183,31,1,8
BRDA:198,32,0,0
BRDA:198,32,1,1
BRDA:202,33,0,1
BRDA:202,33,1,0
BRDA:225,34,0,0
BRDA:225,34,1,8
BRDA:230,35,0,0
BRDA:230,35,1,8
BRDA:230,36,0,8
BRDA:230,36,1,8
BRDA:238,37,0,2
BRDA:238,37,1,6
BRDA:239,38,0,1
BRDA:239,38,1,5
BRDA:239,39,0,6
BRDA:239,39,1,2
BRDA:241,40,0,4
BRDA:241,40,1,1
BRDA:246,41,0,0
BRDA:246,41,1,8
BRDA:249,42,0,0
BRDA:249,42,1,5
BRDA:251,43,0,0
BRDA:251,43,1,5
BRDA:255,44,0,1
BRDA:255,44,1,4
BRDA:268,45,0,18
BRDA:268,45,1,5
BRF:92
BRH:72
end_of_record
TN:
SF:src/composables/useTimer.ts
FN:5,useTimer
FN:13,clear
FN:20,start
FN:25,(anonymous_3)
FN:37,pause
FN:44,resume
FN:50,reset
FN:57,onComplete
FNF:8
FNH:8
FNDA:12,useTimer
FNDA:17,clear
FNDA:11,start
FNDA:27,(anonymous_3)
FNDA:3,pause
FNDA:2,resume
FNDA:1,reset
FNDA:4,onComplete
DA:6,12
DA:7,12
DA:8,12
DA:10,12
DA:11,12
DA:14,17
DA:15,7
DA:16,7
DA:21,11
DA:22,10
DA:23,10
DA:24,10
DA:25,10
DA:26,27
DA:27,27
DA:28,4
DA:29,4
DA:30,4
DA:31,4
DA:32,4
DA:38,3
DA:39,2
DA:40,2
DA:41,2
DA:45,2
DA:46,1
DA:51,1
DA:52,1
DA:53,1
DA:54,1
DA:58,4
DA:61,12
LF:32
LH:32
BRDA:14,0,0,7
BRDA:14,0,1,10
BRDA:21,1,0,1
BRDA:21,1,1,10
BRDA:27,2,0,4
BRDA:27,2,1,23
BRDA:38,3,0,1
BRDA:38,3,1,2
BRDA:45,4,0,1
BRDA:45,4,1,1
BRF:10
BRH:10
end_of_record
TN:
SF:src/db/index.ts
FN:43,backfillStatus
FN:49,getDb
FN:52,upgrade
FN:116,__resetDbForTests
FN:122,(anonymous_4)
FN:124,(anonymous_5)
FN:125,(anonymous_6)
FN:126,(anonymous_7)
FNF:8
FNH:6
FNDA:8,backfillStatus
FNDA:269,getDb
FNDA:4,upgrade
FNDA:1,__resetDbForTests
FNDA:1,(anonymous_4)
FNDA:1,(anonymous_5)
FNDA:0,(anonymous_6)
FNDA:0,(anonymous_7)
DA:35,4
DA:36,4
DA:44,8
DA:47,4
DA:50,269
DA:51,4
DA:54,4
DA:55,3
DA:59,3
DA:60,3
DA:64,4
DA:65,3
DA:66,3
DA:67,0
DA:69,3
DA:70,3
DA:71,3
DA:72,0
DA:73,0
DA:74,0
DA:76,0
DA:77,0
DA:84,4
DA:85,4
DA:86,4
DA:87,4
DA:88,2
DA:89,2
DA:90,2
DA:94,2
DA:97,4
DA:98,4
DA:102,4
DA:103,4
DA:109,269
DA:117,1
DA:118,1
DA:119,1
DA:120,1
DA:122,1
DA:123,1
DA:124,1
DA:125,1
DA:126,1
LF:44
LH:38
BRDA:44,0,0,3
BRDA:44,0,1,5
BRDA:50,1,0,4
BRDA:50,1,1,265
BRDA:54,2,0,3
BRDA:54,2,1,1
BRDA:64,3,0,3
BRDA:64,3,1,1
BRDA:66,4,0,0
BRDA:66,4,1,3
BRDA:73,5,0,0
BRDA:73,5,1,0
BRDA:84,6,0,4
BRDA:84,6,1,0
BRDA:97,7,0,4
BRDA:97,7,1,0
BRDA:117,8,0,1
BRDA:117,8,1,0
BRF:18
BRH:12
end_of_record
TN:
SF:src/lib/utils.ts
FN:5,cn
FNF:1
FNH:1
FNDA:17,cn
DA:6,17
LF:1
LH:1
BRF:0
BRH:0
end_of_record
TN:
SF:src/views/BacklogView.vue
FN:49,taskTimerState
FN:62,(anonymous_1)
FN:65,(anonymous_2)
FN:66,(anonymous_3)
FN:74,(anonymous_4)
FN:75,(anonymous_5)
FN:87,onSubmit
FN:95,toggle
FN:106,(anonymous_8)
FN:110,start
FN:117,(anonymous_10)
FN:121,(anonymous_11)
FN:137,pauseTimer
FN:141,resumeTimer
FN:145,update
FN:150,remove
FN:155,(anonymous_16)
FN:165,onAddSubTask
FN:170,onDragStarted
FN:174,onDropped
FN:181,(anonymous_20)
FN:197,(anonymous_21)
FN:205,(anonymous_22)
FN:209,(anonymous_23)
FN:211,(anonymous_24)
FN:227,(anonymous_25)
FN:233,(anonymous_26)
FN:234,(anonymous_27)
FN:237,(anonymous_28)
FN:238,(anonymous_29)
FN:239,(anonymous_30)
FNF:31
FNH:0
FNDA:0,taskTimerState
FNDA:0,(anonymous_1)
FNDA:0,(anonymous_2)
FNDA:0,(anonymous_3)
FNDA:0,(anonymous_4)
FNDA:0,(anonymous_5)
FNDA:0,onSubmit
FNDA:0,toggle
FNDA:0,(anonymous_8)
FNDA:0,start
FNDA:0,(anonymous_10)
FNDA:0,(anonymous_11)
FNDA:0,pauseTimer
FNDA:0,resumeTimer
FNDA:0,update
FNDA:0,remove
FNDA:0,(anonymous_16)
FNDA:0,onAddSubTask
FNDA:0,onDragStarted
FNDA:0,onDropped
FNDA:0,(anonymous_20)
FNDA:0,(anonymous_21)
FNDA:0,(anonymous_22)
FNDA:0,(anonymous_23)
FNDA:0,(anonymous_24)
FNDA:0,(anonymous_25)
FNDA:0,(anonymous_26)
FNDA:0,(anonymous_27)
FNDA:0,(anonymous_28)
FNDA:0,(anonymous_29)
FNDA:0,(anonymous_30)
DA:14,0
DA:26,0
DA:30,0
DA:31,0
DA:33,0
DA:34,0
DA:35,0
DA:37,0
DA:38,0
DA:39,0
DA:40,0
DA:50,0
DA:51,0
DA:53,0
DA:62,0
DA:63,0
DA:64,0
DA:65,0
DA:66,0
DA:67,0
DA:68,0
DA:73,0
DA:74,0
DA:75,0
DA:76,0
DA:77,0
DA:84,0
DA:88,0
DA:89,0
DA:90,0
DA:91,0
DA:92,0
DA:96,0
DA:97,0
DA:98,0
DA:99,0
DA:101,0
DA:106,0
DA:111,0
DA:112,0
DA:113,0
DA:114,0
DA:115,0
DA:116,0
DA:117,0
DA:118,0
DA:119,0
DA:120,0
DA:121,0
DA:122,0
DA:123,0
DA:130,0
DA:131,0
DA:132,0
DA:134,0
DA:138,0
DA:142,0
DA:146,0
DA:147,0
DA:151,0
DA:155,0
DA:156,0
DA:157,0
DA:160,0
DA:162,0
DA:166,0
DA:167,0
DA:171,0
DA:175,0
DA:176,0
DA:177,0
DA:178,0
DA:181,0
DA:182,0
DA:183,0
DA:188,0
DA:192,0
DA:197,0
DA:205,0
DA:209,0
DA:211,0
DA:214,0
DA:216,0
DA:227,0
DA:233,0
DA:234,0
DA:237,0
DA:238,0
DA:239,0
DA:246,0
DA:251,0
LF:91
LH:0
BRDA:50,0,0,0
BRDA:50,0,1,0
BRDA:50,1,0,0
BRDA:50,1,1,0
BRDA:71,2,0,0
BRDA:71,2,1,0
BRDA:71,3,0,0
BRDA:71,3,1,0
BRDA:80,4,0,0
BRDA:80,4,1,0
BRDA:80,5,0,0
BRDA:80,5,1,0
BRDA:89,6,0,0
BRDA:89,6,1,0
BRDA:90,7,0,0
BRDA:90,7,1,0
BRDA:96,8,0,0
BRDA:96,8,1,0
BRDA:101,9,0,0
BRDA:101,9,1,0
BRDA:111,10,0,0
BRDA:111,10,1,0
BRDA:120,11,0,0
BRDA:120,11,1,0
BRDA:120,12,0,0
BRDA:120,12,1,0
BRDA:122,13,0,0
BRDA:122,13,1,0
BRDA:124,14,0,0
BRDA:124,14,1,0
BRDA:125,15,0,0
BRDA:125,15,1,0
BRDA:146,16,0,0
BRDA:146,16,1,0
BRDA:151,17,0,0
BRDA:151,17,1,0
BRDA:156,18,0,0
BRDA:156,18,1,0
BRDA:160,19,0,0
BRDA:160,19,1,0
BRDA:166,20,0,0
BRDA:166,20,1,0
BRDA:177,21,0,0
BRDA:177,21,1,0
BRDA:177,22,0,0
BRDA:177,22,1,0
BRDA:192,23,0,0
BRDA:192,24,0,0
BRDA:192,24,1,0
BRDA:192,24,2,0
BRDA:214,25,0,0
BRDA:214,25,1,0
BRDA:216,26,0,0
BRDA:246,27,0,0
BRF:54
BRH:0
end_of_record
