{"total": {"lines":{"total":162,"covered":74,"skipped":0,"pct":45.67},"statements":{"total":188,"covered":85,"skipped":0,"pct":45.21},"functions":{"total":49,"covered":24,"skipped":0,"pct":48.97},"branches":{"total":71,"covered":20,"skipped":0,"pct":28.16},"branchesTrue":{"total":0,"covered":0,"skipped":0,"pct":100}}
,"/home/runner/work/todo-pomodoro/todo-pomodoro/src/App.vue": {"lines":{"total":1,"covered":0,"skipped":0,"pct":0},"functions":{"total":0,"covered":0,"skipped":0,"pct":100},"statements":{"total":1,"covered":0,"skipped":0,"pct":0},"branches":{"total":0,"covered":0,"skipped":0,"pct":100}}
,"/home/runner/work/todo-pomodoro/todo-pomodoro/src/components/TaskItem.vue": {"lines":{"total":38,"covered":0,"skipped":0,"pct":0},"functions":{"total":12,"covered":0,"skipped":0,"pct":0},"statements":{"total":41,"covered":0,"skipped":0,"pct":0},"branches":{"total":18,"covered":0,"skipped":0,"pct":0}}
,"/home/runner/work/todo-pomodoro/todo-pomodoro/src/components/ThemeToggle.vue": {"lines":{"total":3,"covered":3,"skipped":0,"pct":100},"functions":{"total":1,"covered":1,"skipped":0,"pct":100},"statements":{"total":3,"covered":3,"skipped":0,"pct":100},"branches":{"total":4,"covered":4,"skipped":0,"pct":100}}
,"/home/runner/work/todo-pomodoro/todo-pomodoro/src/components/ui/button/Button.vue": {"lines":{"total":3,"covered":3,"skipped":0,"pct":100},"functions":{"total":1,"covered":1,"skipped":0,"pct":100},"statements":{"total":3,"covered":3,"skipped":0,"pct":100},"branches":{"total":0,"covered":0,"skipped":0,"pct":100}}
,"/home/runner/work/todo-pomodoro/todo-pomodoro/src/components/ui/button/index.ts": {"lines":{"total":1,"covered":1,"skipped":0,"pct":100},"functions":{"total":0,"covered":0,"skipped":0,"pct":100},"statements":{"total":1,"covered":1,"skipped":0,"pct":100},"branches":{"total":0,"covered":0,"skipped":0,"pct":100}}
,"/home/runner/work/todo-pomodoro/todo-pomodoro/src/components/ui/input/Input.vue": {"lines":{"total":3,"covered":0,"skipped":0,"pct":0},"functions":{"total":0,"covered":0,"skipped":0,"pct":100},"statements":{"total":3,"covered":0,"skipped":0,"pct":0},"branches":{"total":0,"covered":0,"skipped":0,"pct":100}}
,"/home/runner/work/todo-pomodoro/todo-pomodoro/src/components/ui/input/index.ts": {"lines":{"total":0,"covered":0,"skipped":0,"pct":0},"functions":{"total":0,"covered":0,"skipped":0,"pct":0},"statements":{"total":0,"covered":0,"skipped":0,"pct":0},"branches":{"total":0,"covered":0,"skipped":0,"pct":0}}
,"/home/runner/work/todo-pomodoro/todo-pomodoro/src/components/ui/textarea/Textarea.vue": {"lines":{"total":3,"covered":0,"skipped":0,"pct":0},"functions":{"total":0,"covered":0,"skipped":0,"pct":100},"statements":{"total":3,"covered":0,"skipped":0,"pct":0},"branches":{"total":0,"covered":0,"skipped":0,"pct":100}}
,"/home/runner/work/todo-pomodoro/todo-pomodoro/src/components/ui/textarea/index.ts": {"lines":{"total":0,"covered":0,"skipped":0,"pct":0},"functions":{"total":0,"covered":0,"skipped":0,"pct":0},"statements":{"total":0,"covered":0,"skipped":0,"pct":0},"branches":{"total":0,"covered":0,"skipped":0,"pct":0}}
,"/home/runner/work/todo-pomodoro/todo-pomodoro/src/composables/useColorMode.ts": {"lines":{"total":4,"covered":4,"skipped":0,"pct":100},"functions":{"total":3,"covered":3,"skipped":0,"pct":100},"statements":{"total":5,"covered":5,"skipped":0,"pct":100},"branches":{"total":2,"covered":2,"skipped":0,"pct":100}}
,"/home/runner/work/todo-pomodoro/todo-pomodoro/src/composables/useTasks.ts": {"lines":{"total":51,"covered":51,"skipped":0,"pct":100},"functions":{"total":16,"covered":16,"skipped":0,"pct":100},"statements":{"total":67,"covered":61,"skipped":0,"pct":91.04},"branches":{"total":20,"covered":11,"skipped":0,"pct":55}}
,"/home/runner/work/todo-pomodoro/todo-pomodoro/src/db/index.ts": {"lines":{"total":23,"covered":11,"skipped":0,"pct":47.82},"functions":{"total":2,"covered":2,"skipped":0,"pct":100},"statements":{"total":23,"covered":11,"skipped":0,"pct":47.82},"branches":{"total":10,"covered":3,"skipped":0,"pct":30}}
,"/home/runner/work/todo-pomodoro/todo-pomodoro/src/lib/utils.ts": {"lines":{"total":1,"covered":1,"skipped":0,"pct":100},"functions":{"total":1,"covered":1,"skipped":0,"pct":100},"statements":{"total":1,"covered":1,"skipped":0,"pct":100},"branches":{"total":0,"covered":0,"skipped":0,"pct":100}}
,"/home/runner/work/todo-pomodoro/todo-pomodoro/src/views/BacklogView.vue": {"lines":{"total":31,"covered":0,"skipped":0,"pct":0},"functions":{"total":13,"covered":0,"skipped":0,"pct":0},"statements":{"total":37,"covered":0,"skipped":0,"pct":0},"branches":{"total":17,"covered":0,"skipped":0,"pct":0}}
}
