TN:
SF:src/App.vue
FNF:0
FNH:0
DA:7,0
LF:1
LH:0
BRF:0
BRH:0
end_of_record
TN:
SF:src/components/TaskItem.vue
FN:25,startEdit
FN:31,cancel
FN:35,save
FN:45,onDragStart
FN:55,onDrop
FN:103,(anonymous_5)
FN:108,(anonymous_6)
FN:110,(anonymous_7)
FN:119,(anonymous_8)
FN:128,(anonymous_9)
FN:131,(anonymous_10)
FN:134,(anonymous_11)
FNF:12
FNH:0
FNDA:0,startEdit
FNDA:0,cancel
FNDA:0,save
FNDA:0,onDragStart
FNDA:0,onDrop
FNDA:0,(anonymous_5)
FNDA:0,(anonymous_6)
FNDA:0,(anonymous_7)
FNDA:0,(anonymous_8)
FNDA:0,(anonymous_9)
FNDA:0,(anonymous_10)
FNDA:0,(anonymous_11)
DA:9,0
DA:10,0
DA:18,0
DA:19,0
DA:20,0
DA:22,0
DA:23,0
DA:26,0
DA:27,0
DA:28,0
DA:32,0
DA:36,0
DA:37,0
DA:38,0
DA:42,0
DA:46,0
DA:47,0
DA:49,0
DA:50,0
DA:51,0
DA:56,0
DA:57,0
DA:58,0
DA:64,0
DA:68,0
DA:76,0
DA:81,0
DA:92,0
DA:93,0
DA:102,0
DA:108,0
DA:109,0
DA:116,0
DA:119,0
DA:125,0
DA:128,0
DA:131,0
DA:133,0
LF:38
LH:0
BRDA:27,0,0,0
BRDA:27,0,1,0
BRDA:37,1,0,0
BRDA:37,1,1,0
BRDA:40,2,0,0
BRDA:40,2,1,0
BRDA:46,3,0,0
BRDA:46,3,1,0
BRDA:49,4,0,0
BRDA:49,4,1,0
BRDA:57,5,0,0
BRDA:57,5,1,0
BRDA:68,6,0,0
BRDA:81,7,0,0
BRDA:81,7,1,0
BRDA:82,8,0,0
BRDA:82,8,1,0
BRDA:92,9,0,0
BRF:18
BRH:0
end_of_record
TN:
SF:src/components/ThemeToggle.vue
FN:16,(anonymous_0)
FNF:1
FNH:1
FNDA:8,(anonymous_0)
DA:6,4
DA:10,8
DA:16,8
LF:3
LH:3
BRDA:13,0,0,4
BRDA:13,0,1,4
BRDA:16,1,0,4
BRDA:16,1,1,4
BRF:4
BRH:4
end_of_record
TN:
SF:src/components/ui/button/Button.vue
FN:29,(anonymous_0)
FNF:1
FNH:1
FNDA:9,(anonymous_0)
DA:15,5
DA:21,9
DA:29,9
LF:3
LH:3
BRF:0
BRH:0
end_of_record
TN:
SF:src/components/ui/button/index.ts
FNF:0
FNH:0
DA:6,2
LF:1
LH:1
BRF:0
BRH:0
end_of_record
TN:
SF:src/components/ui/input/Input.vue
FNF:0
FNH:0
DA:6,0
DA:12,0
DA:16,0
LF:3
LH:0
BRF:0
BRH:0
end_of_record
TN:
SF:src/components/ui/input/index.ts
FNF:0
FNH:0
LF:0
LH:0
BRF:0
BRH:0
end_of_record
TN:
SF:src/components/ui/textarea/Textarea.vue
FNF:0
FNH:0
DA:6,0
DA:12,0
DA:16,0
LF:3
LH:0
BRF:0
BRH:0
end_of_record
TN:
SF:src/components/ui/textarea/index.ts
FNF:0
FNH:0
LF:0
LH:0
BRF:0
BRH:0
end_of_record
TN:
SF:src/composables/useColorMode.ts
FN:12,useColorMode
FN:21,(anonymous_1)
FN:23,toggle
FNF:3
FNH:3
FNDA:4,useColorMode
FNDA:8,(anonymous_1)
FNDA:4,toggle
DA:13,4
DA:21,8
DA:24,4
DA:27,4
LF:4
LH:4
BRDA:24,0,0,1
BRDA:24,0,1,3
BRF:2
BRH:2
end_of_record
TN:
SF:src/composables/useTasks.ts
FN:4,useTasks
FN:8,loadTasks
FN:18,addTask
FN:23,(anonymous_3)
FN:36,toggleTask
FN:42,(anonymous_5)
FN:46,updateTask
FN:52,(anonymous_7)
FN:56,removeTask
FN:59,(anonymous_9)
FN:62,reorderTask
FN:66,(anonymous_11)
FN:71,(anonymous_12)
FN:78,(anonymous_13)
FN:82,(anonymous_14)
FN:83,(anonymous_15)
FNF:16
FNH:16
FNDA:11,useTasks
FNDA:16,loadTasks
FNDA:19,addTask
FNDA:14,(anonymous_3)
FNDA:1,toggleTask
FNDA:1,(anonymous_5)
FNDA:1,updateTask
FNDA:1,(anonymous_7)
FNDA:2,removeTask
FNDA:4,(anonymous_9)
FNDA:2,reorderTask
FNDA:4,(anonymous_11)
FNDA:3,(anonymous_12)
FNDA:6,(anonymous_13)
FNDA:6,(anonymous_14)
FNDA:6,(anonymous_15)
DA:5,11
DA:6,11
DA:9,16
DA:10,16
DA:11,16
DA:12,16
DA:14,16
DA:19,19
DA:20,19
DA:23,19
DA:24,19
DA:31,19
DA:32,19
DA:33,19
DA:37,1
DA:38,1
DA:39,1
DA:40,1
DA:41,1
DA:42,1
DA:43,1
DA:47,1
DA:48,1
DA:49,1
DA:50,1
DA:51,1
DA:52,1
DA:53,1
DA:57,2
DA:58,2
DA:59,4
DA:63,2
DA:64,2
DA:65,2
DA:66,4
DA:67,2
DA:68,2
DA:69,2
DA:70,2
DA:71,3
DA:72,2
DA:76,2
DA:77,2
DA:78,6
DA:79,2
DA:80,2
DA:82,6
DA:83,6
DA:85,2
DA:86,2
DA:89,11
LF:51
LH:51
BRDA:32,0,0,19
BRDA:32,0,1,0
BRDA:39,1,0,0
BRDA:39,1,1,1
BRDA:43,2,0,1
BRDA:43,2,1,0
BRDA:49,3,0,0
BRDA:49,3,1,1
BRDA:53,4,0,1
BRDA:53,4,1,0
BRDA:63,5,0,0
BRDA:63,5,1,2
BRDA:67,6,0,0
BRDA:67,6,1,2
BRDA:70,7,0,0
BRDA:70,7,1,2
BRDA:72,8,0,0
BRDA:72,8,1,2
BRDA:76,9,0,1
BRDA:76,9,1,1
BRF:20
BRH:11
end_of_record
TN:
SF:src/db/index.ts
FN:20,getDb
FN:23,upgrade
FNF:2
FNH:2
FNDA:51,getDb
FNDA:1,upgrade
DA:15,1
DA:16,1
DA:18,1
DA:21,51
DA:22,1
DA:25,1
DA:26,1
DA:30,1
DA:31,1
DA:32,1
DA:37,0
DA:38,0
DA:39,0
DA:41,0
DA:42,0
DA:43,0
DA:44,0
DA:45,0
DA:46,0
DA:47,0
DA:49,0
DA:50,0
DA:56,51
LF:23
LH:11
BRDA:21,0,0,1
BRDA:21,0,1,50
BRDA:25,1,0,1
BRDA:25,1,1,0
BRDA:38,2,0,0
BRDA:38,2,1,0
BRDA:41,3,0,0
BRDA:41,3,1,0
BRDA:46,4,0,0
BRDA:46,4,1,0
BRF:10
BRH:3
end_of_record
TN:
SF:src/lib/utils.ts
FN:5,cn
FNF:1
FNH:1
FNDA:9,cn
DA:6,9
LF:1
LH:1
BRF:0
BRH:0
end_of_record
TN:
SF:src/views/BacklogView.vue
FN:25,onSubmit
FN:33,toggle
FN:38,update
FN:43,remove
FN:48,onDragStarted
FN:52,onDropped
FN:69,(anonymous_6)
FN:73,(anonymous_7)
FN:75,(anonymous_8)
FN:86,(anonymous_9)
FN:89,(anonymous_10)
FN:90,(anonymous_11)
FN:91,(anonymous_12)
FNF:13
FNH:0
FNDA:0,onSubmit
FNDA:0,toggle
FNDA:0,update
FNDA:0,remove
FNDA:0,onDragStarted
FNDA:0,onDropped
FNDA:0,(anonymous_6)
FNDA:0,(anonymous_7)
FNDA:0,(anonymous_8)
FNDA:0,(anonymous_9)
FNDA:0,(anonymous_10)
FNDA:0,(anonymous_11)
FNDA:0,(anonymous_12)
DA:18,0
DA:21,0
DA:22,0
DA:23,0
DA:26,0
DA:27,0
DA:28,0
DA:29,0
DA:30,0
DA:34,0
DA:35,0
DA:39,0
DA:40,0
DA:44,0
DA:45,0
DA:49,0
DA:53,0
DA:54,0
DA:55,0
DA:56,0
DA:59,0
DA:63,0
DA:69,0
DA:73,0
DA:75,0
DA:78,0
DA:80,0
DA:86,0
DA:89,0
DA:90,0
DA:91,0
LF:31
LH:0
BRDA:27,0,0,0
BRDA:27,0,1,0
BRDA:28,1,0,0
BRDA:28,1,1,0
BRDA:34,2,0,0
BRDA:34,2,1,0
BRDA:39,3,0,0
BRDA:39,3,1,0
BRDA:44,4,0,0
BRDA:44,4,1,0
BRDA:55,5,0,0
BRDA:55,5,1,0
BRDA:55,6,0,0
BRDA:55,6,1,0
BRDA:78,7,0,0
BRDA:78,7,1,0
BRDA:80,8,0,0
BRF:17
BRH:0
end_of_record
