TN:
SF:src/App.vue
FNF:0
FNH:0
DA:7,0
LF:1
LH:0
BRF:0
BRH:0
end_of_record
TN:
SF:src/components/TaskItem.vue
FN:42,(anonymous_0)
FN:43,(anonymous_1)
FN:51,startEdit
FN:57,cancel
FN:61,save
FN:71,startAddSubTask
FN:76,cancelAddSubTask
FN:81,submitSubTask
FN:89,onDragStart
FN:99,onDrop
FN:168,(anonymous_10)
FN:175,(anonymous_11)
FN:182,(anonymous_12)
FN:191,(anonymous_13)
FN:193,(anonymous_14)
FN:201,(anonymous_15)
FN:208,(anonymous_16)
FN:213,(anonymous_17)
FN:215,(anonymous_18)
FN:224,(anonymous_19)
FN:233,(anonymous_20)
FN:236,(anonymous_21)
FN:239,(anonymous_22)
FNF:23
FNH:0
FNDA:0,(anonymous_0)
FNDA:0,(anonymous_1)
FNDA:0,startEdit
FNDA:0,cancel
FNDA:0,save
FNDA:0,startAddSubTask
FNDA:0,cancelAddSubTask
FNDA:0,submitSubTask
FNDA:0,onDragStart
FNDA:0,onDrop
FNDA:0,(anonymous_10)
FNDA:0,(anonymous_11)
FNDA:0,(anonymous_12)
FNDA:0,(anonymous_13)
FNDA:0,(anonymous_14)
FNDA:0,(anonymous_15)
FNDA:0,(anonymous_16)
FNDA:0,(anonymous_17)
FNDA:0,(anonymous_18)
FNDA:0,(anonymous_19)
FNDA:0,(anonymous_20)
FNDA:0,(anonymous_21)
FNDA:0,(anonymous_22)
DA:9,0
DA:13,0
DA:23,0
DA:24,0
DA:25,0
DA:27,0
DA:28,0
DA:30,0
DA:31,0
DA:32,0
DA:34,0
DA:41,0
DA:42,0
DA:43,0
DA:45,0
DA:46,0
DA:52,0
DA:53,0
DA:54,0
DA:58,0
DA:62,0
DA:63,0
DA:64,0
DA:68,0
DA:72,0
DA:73,0
DA:77,0
DA:78,0
DA:82,0
DA:83,0
DA:84,0
DA:85,0
DA:86,0
DA:90,0
DA:91,0
DA:93,0
DA:94,0
DA:95,0
DA:100,0
DA:101,0
DA:102,0
DA:114,0
DA:122,0
DA:128,0
DA:141,0
DA:147,0
DA:150,0
DA:153,0
DA:154,0
DA:158,0
DA:163,0
DA:168,0
DA:175,0
DA:181,0
DA:188,0
DA:191,0
DA:192,0
DA:195,0
DA:200,0
DA:207,0
DA:213,0
DA:214,0
DA:221,0
DA:224,0
DA:230,0
DA:233,0
DA:236,0
DA:238,0
LF:68
LH:0
BRDA:45,0,0,0
BRDA:45,0,1,0
BRDA:53,1,0,0
BRDA:53,1,1,0
BRDA:63,2,0,0
BRDA:63,2,1,0
BRDA:66,3,0,0
BRDA:66,3,1,0
BRDA:83,4,0,0
BRDA:83,4,1,0
BRDA:90,5,0,0
BRDA:90,5,1,0
BRDA:93,6,0,0
BRDA:93,6,1,0
BRDA:101,7,0,0
BRDA:101,7,1,0
BRDA:110,8,0,0
BRDA:110,8,1,0
BRDA:114,9,0,0
BRDA:128,10,0,0
BRDA:128,10,1,0
BRDA:129,11,0,0
BRDA:129,11,1,0
BRDA:141,12,0,0
BRDA:147,13,0,0
BRDA:153,14,0,0
BRDA:158,15,0,0
BRDA:188,16,0,0
BRDA:195,17,0,0
BRF:29
BRH:0
end_of_record
TN:
SF:src/components/ThemeToggle.vue
FN:16,(anonymous_0)
FNF:1
FNH:1
FNDA:8,(anonymous_0)
DA:6,4
DA:10,8
DA:16,8
LF:3
LH:3
BRDA:13,0,0,4
BRDA:13,0,1,4
BRDA:16,1,0,4
BRDA:16,1,1,4
BRF:4
BRH:4
end_of_record
TN:
SF:src/components/ui/button/Button.vue
FN:29,(anonymous_0)
FNF:1
FNH:1
FNDA:9,(anonymous_0)
DA:15,5
DA:21,9
DA:29,9
LF:3
LH:3
BRF:0
BRH:0
end_of_record
TN:
SF:src/components/ui/button/index.ts
FNF:0
FNH:0
DA:6,2
LF:1
LH:1
BRF:0
BRH:0
end_of_record
TN:
SF:src/components/ui/input/Input.vue
FNF:0
FNH:0
DA:6,0
DA:12,0
DA:16,0
LF:3
LH:0
BRF:0
BRH:0
end_of_record
TN:
SF:src/components/ui/input/index.ts
FNF:0
FNH:0
LF:0
LH:0
BRF:0
BRH:0
end_of_record
TN:
SF:src/components/ui/textarea/Textarea.vue
FNF:0
FNH:0
DA:6,0
DA:12,0
DA:16,0
LF:3
LH:0
BRF:0
BRH:0
end_of_record
TN:
SF:src/components/ui/textarea/index.ts
FNF:0
FNH:0
LF:0
LH:0
BRF:0
BRH:0
end_of_record
TN:
SF:src/composables/useColorMode.ts
FN:12,useColorMode
FN:21,(anonymous_1)
FN:23,toggle
FNF:3
FNH:3
FNDA:4,useColorMode
FNDA:8,(anonymous_1)
FNDA:4,toggle
DA:13,4
DA:21,8
DA:24,4
DA:27,4
LF:4
LH:4
BRDA:24,0,0,1
BRDA:24,0,1,3
BRF:2
BRH:2
end_of_record
TN:
SF:src/composables/usePomodoroCounts.ts
FN:16,sessionRefersToTask
FN:33,computeCounts
FN:93,usePomodoroCounts
FN:100,loadSessions
FN:105,(anonymous_4)
FNF:5
FNH:2
FNDA:41,sessionRefersToTask
FNDA:8,computeCounts
FNDA:0,usePomodoroCounts
FNDA:0,loadSessions
FNDA:0,(anonymous_4)
DA:17,41
DA:18,40
DA:37,8
DA:41,8
DA:42,8
DA:43,13
DA:44,5
DA:45,5
DA:46,5
DA:50,8
DA:51,13
DA:52,13
DA:55,13
DA:56,13
DA:57,13
DA:58,29
DA:59,16
DA:60,16
DA:65,13
DA:66,13
DA:67,13
DA:68,13
DA:69,5
DA:70,5
DA:71,12
DA:72,6
DA:73,6
DA:78,13
DA:84,8
DA:98,0
DA:101,0
DA:102,0
DA:105,0
DA:107,0
LF:34
LH:29
BRDA:17,0,0,1
BRDA:17,0,1,40
BRDA:17,1,0,41
BRDA:17,1,1,10
BRDA:18,2,0,40
BRDA:18,2,1,31
BRDA:43,3,0,5
BRDA:43,3,1,8
BRDA:43,4,0,13
BRDA:43,4,1,5
BRDA:44,5,0,5
BRDA:44,5,1,4
BRDA:51,6,0,0
BRDA:51,6,1,13
BRDA:58,7,0,16
BRDA:58,7,1,13
BRDA:60,8,0,11
BRDA:60,8,1,5
BRDA:67,9,0,13
BRDA:67,9,1,9
BRDA:69,10,0,0
BRDA:69,10,1,5
BRDA:71,11,0,6
BRDA:71,11,1,6
BRDA:73,12,0,4
BRDA:73,12,1,2
BRF:26
BRH:24
end_of_record
TN:
SF:src/composables/useTasks.ts
FN:4,useTasks
FN:8,loadTasks
FN:16,(anonymous_2)
FN:26,addTask
FN:32,(anonymous_4)
FN:33,(anonymous_5)
FN:46,addSubTask
FN:64,(anonymous_7)
FN:65,(anonymous_8)
FN:79,toggleTask
FN:82,(anonymous_10)
FN:93,(anonymous_11)
FN:98,(anonymous_12)
FN:102,(anonymous_13)
FN:109,(anonymous_14)
FN:110,(anonymous_15)
FN:119,(anonymous_16)
FN:122,startTask
FN:125,(anonymous_18)
FN:158,updateTask
FN:164,(anonymous_20)
FN:168,removeTask
FN:174,(anonymous_22)
FN:179,(anonymous_23)
FN:180,(anonymous_24)
FN:183,(anonymous_25)
FN:184,(anonymous_26)
FN:187,reorderTask
FN:191,(anonymous_28)
FN:192,(anonymous_29)
FN:205,(anonymous_30)
FN:206,(anonymous_31)
FN:208,(anonymous_32)
FN:213,(anonymous_33)
FN:220,(anonymous_34)
FN:224,(anonymous_35)
FN:225,(anonymous_36)
FN:231,(anonymous_37)
FN:231,(anonymous_38)
FNF:39
FNH:39
FNDA:38,useTasks
FNDA:67,loadTasks
FNDA:159,(anonymous_2)
FNDA:54,addTask
FNDA:26,(anonymous_4)
FNDA:24,(anonymous_5)
FNDA:33,addSubTask
FNDA:56,(anonymous_7)
FNDA:12,(anonymous_8)
FNDA:15,toggleTask
FNDA:23,(anonymous_10)
FNDA:1,(anonymous_11)
FNDA:3,(anonymous_12)
FNDA:1,(anonymous_13)
FNDA:29,(anonymous_14)
FNDA:6,(anonymous_15)
FNDA:26,(anonymous_16)
FNDA:9,startTask
FNDA:19,(anonymous_18)
FNDA:1,updateTask
FNDA:1,(anonymous_20)
FNDA:5,removeTask
FNDA:11,(anonymous_22)
FNDA:3,(anonymous_23)
FNDA:3,(anonymous_24)
FNDA:3,(anonymous_25)
FNDA:11,(anonymous_26)
FNDA:8,reorderTask
FNDA:22,(anonymous_28)
FNDA:16,(anonymous_29)
FNDA:14,(anonymous_30)
FNDA:4,(anonymous_31)
FNDA:11,(anonymous_32)
FNDA:6,(anonymous_33)
FNDA:13,(anonymous_34)
FNDA:13,(anonymous_35)
FNDA:13,(anonymous_36)
FNDA:18,(anonymous_37)
FNDA:35,(anonymous_38)
DA:5,38
DA:6,38
DA:9,67
DA:10,67
DA:11,67
DA:12,67
DA:16,67
DA:17,159
DA:22,67
DA:27,54
DA:28,54
DA:32,54
DA:33,54
DA:34,54
DA:41,54
DA:42,54
DA:43,54
DA:51,33
DA:52,33
DA:53,33
DA:54,0
DA:58,33
DA:59,1
DA:63,32
DA:64,56
DA:65,32
DA:66,32
DA:74,32
DA:75,32
DA:76,32
DA:80,15
DA:81,15
DA:82,23
DA:83,15
DA:86,15
DA:87,2
DA:88,2
DA:92,2
DA:93,1
DA:95,2
DA:96,1
DA:97,1
DA:98,1
DA:99,3
DA:102,1
DA:104,2
DA:109,29
DA:110,13
DA:111,13
DA:112,1
DA:117,12
DA:118,12
DA:119,26
DA:123,9
DA:124,9
DA:125,19
DA:126,9
DA:130,9
DA:131,9
DA:132,4
DA:138,9
DA:139,9
DA:140,9
DA:141,23
DA:142,23
DA:143,13
DA:144,13
DA:145,13
DA:146,10
DA:147,4
DA:148,4
DA:149,4
DA:151,6
DA:154,9
DA:155,9
DA:159,1
DA:160,1
DA:161,1
DA:162,1
DA:163,1
DA:164,1
DA:165,1
DA:169,5
DA:173,5
DA:174,11
DA:175,5
DA:176,5
DA:177,5
DA:179,3
DA:180,3
DA:182,5
DA:183,5
DA:184,11
DA:188,8
DA:189,8
DA:190,8
DA:191,22
DA:192,16
DA:193,8
DA:199,8
DA:200,8
DA:201,8
DA:202,6
DA:204,5
DA:205,14
DA:206,4
DA:208,11
DA:209,8
DA:210,5
DA:211,5
DA:212,5
DA:213,6
DA:214,5
DA:218,5
DA:219,8
DA:220,13
DA:221,8
DA:222,8
DA:224,13
DA:225,13
DA:227,5
DA:231,35
DA:234,38
LF:123
LH:122
BRDA:17,0,0,3
BRDA:17,0,1,156
BRDA:42,1,0,54
BRDA:42,1,1,0
BRDA:53,2,0,0
BRDA:53,2,1,33
BRDA:58,3,0,1
BRDA:58,3,1,32
BRDA:75,4,0,32
BRDA:75,4,1,0
BRDA:83,5,0,0
BRDA:83,5,1,15
BRDA:86,6,0,2
BRDA:86,6,1,13
BRDA:92,7,0,1
BRDA:92,7,1,1
BRDA:95,8,0,1
BRDA:95,8,1,1
BRDA:95,9,0,2
BRDA:95,9,1,1
BRDA:99,10,0,1
BRDA:99,10,1,2
BRDA:99,11,0,1
BRDA:99,11,1,1
BRDA:102,12,0,1
BRDA:102,12,1,0
BRDA:111,13,0,1
BRDA:111,13,1,12
BRDA:119,14,0,12
BRDA:119,14,1,14
BRDA:126,15,0,0
BRDA:126,15,1,9
BRDA:131,16,0,4
BRDA:131,16,1,5
BRDA:141,17,0,0
BRDA:141,17,1,23
BRDA:142,18,0,13
BRDA:142,18,1,10
BRDA:142,19,0,23
BRDA:142,19,1,14
BRDA:146,20,0,4
BRDA:146,20,1,6
BRDA:161,21,0,0
BRDA:161,21,1,1
BRDA:165,22,0,1
BRDA:165,22,1,0
BRDA:188,23,0,0
BRDA:188,23,1,8
BRDA:193,24,0,0
BRDA:193,24,1,8
BRDA:193,25,0,8
BRDA:193,25,1,8
BRDA:201,26,0,2
BRDA:201,26,1,6
BRDA:202,27,0,1
BRDA:202,27,1,5
BRDA:202,28,0,6
BRDA:202,28,1,2
BRDA:204,29,0,4
BRDA:204,29,1,1
BRDA:209,30,0,0
BRDA:209,30,1,8
BRDA:212,31,0,0
BRDA:212,31,1,5
BRDA:214,32,0,0
BRDA:214,32,1,5
BRDA:218,33,0,1
BRDA:218,33,1,4
BRDA:231,34,0,18
BRDA:231,34,1,5
BRF:70
BRH:56
end_of_record
TN:
SF:src/db/index.ts
FN:43,backfillStatus
FN:49,getDb
FN:52,upgrade
FN:116,__resetDbForTests
FN:122,(anonymous_4)
FN:124,(anonymous_5)
FN:125,(anonymous_6)
FN:126,(anonymous_7)
FNF:8
FNH:6
FNDA:8,backfillStatus
FNDA:240,getDb
FNDA:2,upgrade
FNDA:1,__resetDbForTests
FNDA:1,(anonymous_4)
FNDA:1,(anonymous_5)
FNDA:0,(anonymous_6)
FNDA:0,(anonymous_7)
DA:35,2
DA:36,2
DA:44,8
DA:47,2
DA:50,240
DA:51,2
DA:54,2
DA:55,1
DA:59,1
DA:60,1
DA:64,2
DA:65,1
DA:66,1
DA:67,0
DA:69,1
DA:70,1
DA:71,1
DA:72,0
DA:73,0
DA:74,0
DA:76,0
DA:77,0
DA:84,2
DA:85,2
DA:86,2
DA:87,2
DA:88,2
DA:89,2
DA:90,2
DA:94,2
DA:97,2
DA:98,2
DA:102,2
DA:103,2
DA:109,240
DA:117,1
DA:118,1
DA:119,1
DA:120,1
DA:122,1
DA:123,1
DA:124,1
DA:125,1
DA:126,1
LF:44
LH:38
BRDA:44,0,0,3
BRDA:44,0,1,5
BRDA:50,1,0,2
BRDA:50,1,1,238
BRDA:54,2,0,1
BRDA:54,2,1,1
BRDA:64,3,0,1
BRDA:64,3,1,1
BRDA:66,4,0,0
BRDA:66,4,1,1
BRDA:73,5,0,0
BRDA:73,5,1,0
BRDA:84,6,0,2
BRDA:84,6,1,0
BRDA:97,7,0,2
BRDA:97,7,1,0
BRDA:117,8,0,1
BRDA:117,8,1,0
BRF:18
BRH:12
end_of_record
TN:
SF:src/lib/utils.ts
FN:5,cn
FNF:1
FNH:1
FNDA:9,cn
DA:6,9
LF:1
LH:1
BRF:0
BRH:0
end_of_record
TN:
SF:src/views/BacklogView.vue
FN:41,(anonymous_0)
FN:44,(anonymous_1)
FN:45,(anonymous_2)
FN:53,(anonymous_3)
FN:54,(anonymous_4)
FN:66,onSubmit
FN:74,toggle
FN:85,(anonymous_7)
FN:89,start
FN:95,update
FN:100,remove
FN:105,(anonymous_11)
FN:115,onAddSubTask
FN:120,onDragStarted
FN:124,onDropped
FN:131,(anonymous_15)
FN:144,(anonymous_16)
FN:148,(anonymous_17)
FN:150,(anonymous_18)
FN:166,(anonymous_19)
FN:171,(anonymous_20)
FN:172,(anonymous_21)
FN:173,(anonymous_22)
FN:174,(anonymous_23)
FN:175,(anonymous_24)
FNF:25
FNH:0
FNDA:0,(anonymous_0)
FNDA:0,(anonymous_1)
FNDA:0,(anonymous_2)
FNDA:0,(anonymous_3)
FNDA:0,(anonymous_4)
FNDA:0,onSubmit
FNDA:0,toggle
FNDA:0,(anonymous_7)
FNDA:0,start
FNDA:0,update
FNDA:0,remove
FNDA:0,(anonymous_11)
FNDA:0,onAddSubTask
FNDA:0,onDragStarted
FNDA:0,onDropped
FNDA:0,(anonymous_15)
FNDA:0,(anonymous_16)
FNDA:0,(anonymous_17)
FNDA:0,(anonymous_18)
FNDA:0,(anonymous_19)
FNDA:0,(anonymous_20)
FNDA:0,(anonymous_21)
FNDA:0,(anonymous_22)
FNDA:0,(anonymous_23)
FNDA:0,(anonymous_24)
DA:21,0
DA:26,0
DA:28,0
DA:29,0
DA:30,0
DA:31,0
DA:41,0
DA:42,0
DA:43,0
DA:44,0
DA:45,0
DA:46,0
DA:47,0
DA:52,0
DA:53,0
DA:54,0
DA:55,0
DA:56,0
DA:63,0
DA:67,0
DA:68,0
DA:69,0
DA:70,0
DA:71,0
DA:75,0
DA:76,0
DA:77,0
DA:78,0
DA:80,0
DA:85,0
DA:90,0
DA:91,0
DA:92,0
DA:96,0
DA:97,0
DA:101,0
DA:105,0
DA:106,0
DA:107,0
DA:110,0
DA:112,0
DA:116,0
DA:117,0
DA:121,0
DA:125,0
DA:126,0
DA:127,0
DA:128,0
DA:131,0
DA:132,0
DA:133,0
DA:138,0
DA:144,0
DA:148,0
DA:150,0
DA:153,0
DA:155,0
DA:166,0
DA:171,0
DA:172,0
DA:173,0
DA:174,0
DA:175,0
DA:182,0
DA:187,0
LF:65
LH:0
BRDA:50,0,0,0
BRDA:50,0,1,0
BRDA:50,1,0,0
BRDA:50,1,1,0
BRDA:59,2,0,0
BRDA:59,2,1,0
BRDA:59,3,0,0
BRDA:59,3,1,0
BRDA:68,4,0,0
BRDA:68,4,1,0
BRDA:69,5,0,0
BRDA:69,5,1,0
BRDA:75,6,0,0
BRDA:75,6,1,0
BRDA:80,7,0,0
BRDA:80,7,1,0
BRDA:90,8,0,0
BRDA:90,8,1,0
BRDA:96,9,0,0
BRDA:96,9,1,0
BRDA:101,10,0,0
BRDA:101,10,1,0
BRDA:106,11,0,0
BRDA:106,11,1,0
BRDA:110,12,0,0
BRDA:110,12,1,0
BRDA:116,13,0,0
BRDA:116,13,1,0
BRDA:127,14,0,0
BRDA:127,14,1,0
BRDA:127,15,0,0
BRDA:127,15,1,0
BRDA:153,16,0,0
BRDA:153,16,1,0
BRDA:155,17,0,0
BRDA:182,18,0,0
BRF:36
BRH:0
end_of_record
