{"total": {"lines":{"total":463,"covered":344,"skipped":0,"pct":74.29},"statements":{"total":546,"covered":375,"skipped":0,"pct":68.68},"functions":{"total":154,"covered":107,"skipped":0,"pct":69.48},"branches":{"total":331,"covered":182,"skipped":0,"pct":54.98},"branchesTrue":{"total":0,"covered":0,"skipped":0,"pct":100}}
,"/home/runner/work/todo-pomodoro/todo-pomodoro/src/App.vue": {"lines":{"total":4,"covered":4,"skipped":0,"pct":100},"functions":{"total":2,"covered":2,"skipped":0,"pct":100},"statements":{"total":4,"covered":4,"skipped":0,"pct":100},"branches":{"total":0,"covered":0,"skipped":0,"pct":100}}
,"/home/runner/work/todo-pomodoro/todo-pomodoro/src/components/TaskItem.vue": {"lines":{"total":76,"covered":62,"skipped":0,"pct":81.57},"functions":{"total":31,"covered":23,"skipped":0,"pct":74.19},"statements":{"total":81,"covered":63,"skipped":0,"pct":77.77},"branches":{"total":82,"covered":65,"skipped":0,"pct":79.26}}
,"/home/runner/work/todo-pomodoro/todo-pomodoro/src/components/ThemeToggle.vue": {"lines":{"total":4,"covered":4,"skipped":0,"pct":100},"functions":{"total":3,"covered":3,"skipped":0,"pct":100},"statements":{"total":4,"covered":4,"skipped":0,"pct":100},"branches":{"total":4,"covered":4,"skipped":0,"pct":100}}
,"/home/runner/work/todo-pomodoro/todo-pomodoro/src/components/TimerDisplay.vue": {"lines":{"total":16,"covered":11,"skipped":0,"pct":68.75},"functions":{"total":9,"covered":4,"skipped":0,"pct":44.44},"statements":{"total":16,"covered":11,"skipped":0,"pct":68.75},"branches":{"total":18,"covered":7,"skipped":0,"pct":38.88}}
,"/home/runner/work/todo-pomodoro/todo-pomodoro/src/components/ui/button/Button.vue": {"lines":{"total":4,"covered":4,"skipped":0,"pct":100},"functions":{"total":3,"covered":3,"skipped":0,"pct":100},"statements":{"total":4,"covered":4,"skipped":0,"pct":100},"branches":{"total":0,"covered":0,"skipped":0,"pct":100}}
,"/home/runner/work/todo-pomodoro/todo-pomodoro/src/components/ui/button/index.ts": {"lines":{"total":1,"covered":1,"skipped":0,"pct":100},"functions":{"total":0,"covered":0,"skipped":0,"pct":100},"statements":{"total":1,"covered":1,"skipped":0,"pct":100},"branches":{"total":0,"covered":0,"skipped":0,"pct":100}}
,"/home/runner/work/todo-pomodoro/todo-pomodoro/src/components/ui/input/Input.vue": {"lines":{"total":6,"covered":6,"skipped":0,"pct":100},"functions":{"total":3,"covered":3,"skipped":0,"pct":100},"statements":{"total":6,"covered":6,"skipped":0,"pct":100},"branches":{"total":4,"covered":3,"skipped":0,"pct":75}}
,"/home/runner/work/todo-pomodoro/todo-pomodoro/src/components/ui/input/index.ts": {"lines":{"total":0,"covered":0,"skipped":0,"pct":0},"functions":{"total":0,"covered":0,"skipped":0,"pct":0},"statements":{"total":0,"covered":0,"skipped":0,"pct":0},"branches":{"total":0,"covered":0,"skipped":0,"pct":0}}
,"/home/runner/work/todo-pomodoro/todo-pomodoro/src/components/ui/textarea/Textarea.vue": {"lines":{"total":6,"covered":6,"skipped":0,"pct":100},"functions":{"total":3,"covered":3,"skipped":0,"pct":100},"statements":{"total":6,"covered":6,"skipped":0,"pct":100},"branches":{"total":4,"covered":3,"skipped":0,"pct":75}}
,"/home/runner/work/todo-pomodoro/todo-pomodoro/src/components/ui/textarea/index.ts": {"lines":{"total":0,"covered":0,"skipped":0,"pct":0},"functions":{"total":0,"covered":0,"skipped":0,"pct":0},"statements":{"total":0,"covered":0,"skipped":0,"pct":0},"branches":{"total":0,"covered":0,"skipped":0,"pct":0}}
,"/home/runner/work/todo-pomodoro/todo-pomodoro/src/composables/useColorMode.ts": {"lines":{"total":4,"covered":4,"skipped":0,"pct":100},"functions":{"total":3,"covered":3,"skipped":0,"pct":100},"statements":{"total":5,"covered":5,"skipped":0,"pct":100},"branches":{"total":2,"covered":1,"skipped":0,"pct":50}}
,"/home/runner/work/todo-pomodoro/todo-pomodoro/src/composables/usePomodoroCounts.ts": {"lines":{"total":34,"covered":26,"skipped":0,"pct":76.47},"functions":{"total":5,"covered":4,"skipped":0,"pct":80},"statements":{"total":40,"covered":27,"skipped":0,"pct":67.5},"branches":{"total":26,"covered":10,"skipped":0,"pct":38.46}}
,"/home/runner/work/todo-pomodoro/todo-pomodoro/src/composables/useSession.ts": {"lines":{"total":4,"covered":1,"skipped":0,"pct":25},"functions":{"total":2,"covered":1,"skipped":0,"pct":50},"statements":{"total":4,"covered":1,"skipped":0,"pct":25},"branches":{"total":0,"covered":0,"skipped":0,"pct":100}}
,"/home/runner/work/todo-pomodoro/todo-pomodoro/src/composables/useTasks.ts": {"lines":{"total":132,"covered":94,"skipped":0,"pct":71.21},"functions":{"total":39,"covered":24,"skipped":0,"pct":61.53},"statements":{"total":181,"covered":115,"skipped":0,"pct":63.53},"branches":{"total":92,"covered":34,"skipped":0,"pct":36.95}}
,"/home/runner/work/todo-pomodoro/todo-pomodoro/src/composables/useTimer.ts": {"lines":{"total":32,"covered":19,"skipped":0,"pct":59.37},"functions":{"total":8,"covered":5,"skipped":0,"pct":62.5},"statements":{"total":34,"covered":19,"skipped":0,"pct":55.88},"branches":{"total":10,"covered":3,"skipped":0,"pct":30}}
,"/home/runner/work/todo-pomodoro/todo-pomodoro/src/db/index.ts": {"lines":{"total":44,"covered":24,"skipped":0,"pct":54.54},"functions":{"total":8,"covered":2,"skipped":0,"pct":25},"statements":{"total":47,"covered":24,"skipped":0,"pct":51.06},"branches":{"total":18,"covered":7,"skipped":0,"pct":38.88}}
,"/home/runner/work/todo-pomodoro/todo-pomodoro/src/lib/utils.ts": {"lines":{"total":1,"covered":1,"skipped":0,"pct":100},"functions":{"total":1,"covered":1,"skipped":0,"pct":100},"statements":{"total":1,"covered":1,"skipped":0,"pct":100},"branches":{"total":0,"covered":0,"skipped":0,"pct":100}}
,"/home/runner/work/todo-pomodoro/todo-pomodoro/src/main.ts": {"lines":{"total":3,"covered":3,"skipped":0,"pct":100},"functions":{"total":0,"covered":0,"skipped":0,"pct":100},"statements":{"total":3,"covered":3,"skipped":0,"pct":100},"branches":{"total":0,"covered":0,"skipped":0,"pct":100}}
,"/home/runner/work/todo-pomodoro/todo-pomodoro/src/router/index.ts": {"lines":{"total":2,"covered":2,"skipped":0,"pct":100},"functions":{"total":0,"covered":0,"skipped":0,"pct":100},"statements":{"total":2,"covered":2,"skipped":0,"pct":100},"branches":{"total":0,"covered":0,"skipped":0,"pct":100}}
,"/home/runner/work/todo-pomodoro/todo-pomodoro/src/views/BacklogView.vue": {"lines":{"total":90,"covered":72,"skipped":0,"pct":80},"functions":{"total":34,"covered":26,"skipped":0,"pct":76.47},"statements":{"total":107,"covered":79,"skipped":0,"pct":73.83},"branches":{"total":71,"covered":45,"skipped":0,"pct":63.38}}
}
