TN:
SF:src/App.vue
FN:9,(anonymous_0)
FN:10,(anonymous_1)
FNF:2
FNH:2
FNDA:55,(anonymous_0)
FNDA:55,(anonymous_1)
DA:3,55
DA:4,55
DA:10,55
DA:11,55
LF:4
LH:4
BRF:0
BRH:0
end_of_record
TN:
SF:src/components/TaskItem.vue
FN:65,(anonymous_0)
FN:78,(anonymous_1)
FN:78,(anonymous_2)
FN:83,startEdit
FN:88,cancel
FN:91,save
FN:100,startAddSubTask
FN:104,cancelAddSubTask
FN:108,submitSubTask
FN:115,onDragStart
FN:123,onDrop
FN:128,(anonymous_11)
FN:132,(anonymous_12)
FN:149,(anonymous_13)
FN:168,(anonymous_14)
FN:176,(anonymous_15)
FN:184,(anonymous_16)
FN:193,(anonymous_17)
FN:195,(anonymous_18)
FN:201,(anonymous_19)
FN:203,(anonymous_20)
FN:209,(anonymous_21)
FN:211,(anonymous_22)
FN:221,(anonymous_23)
FN:230,(anonymous_24)
FN:237,(anonymous_25)
FN:239,(anonymous_26)
FN:254,(anonymous_27)
FN:264,(anonymous_28)
FN:270,(anonymous_29)
FN:278,(anonymous_30)
FNF:31
FNH:23
FNDA:105,(anonymous_0)
FNDA:145,(anonymous_1)
FNDA:40,(anonymous_2)
FNDA:5,startEdit
FNDA:0,cancel
FNDA:5,save
FNDA:25,startAddSubTask
FNDA:0,cancelAddSubTask
FNDA:25,submitSubTask
FNDA:0,onDragStart
FNDA:0,onDrop
FNDA:350,(anonymous_11)
FNDA:0,(anonymous_12)
FNDA:10,(anonymous_13)
FNDA:25,(anonymous_14)
FNDA:25,(anonymous_15)
FNDA:25,(anonymous_16)
FNDA:0,(anonymous_17)
FNDA:0,(anonymous_18)
FNDA:0,(anonymous_19)
FNDA:10,(anonymous_20)
FNDA:10,(anonymous_21)
FNDA:110,(anonymous_22)
FNDA:70,(anonymous_23)
FNDA:115,(anonymous_24)
FNDA:15,(anonymous_25)
FNDA:115,(anonymous_26)
FNDA:5,(anonymous_27)
FNDA:5,(anonymous_28)
FNDA:5,(anonymous_29)
FNDA:5,(anonymous_30)
DA:3,55
DA:4,55
DA:5,55
DA:6,55
DA:7,55
DA:12,55
DA:17,55
DA:21,55
DA:22,55
DA:23,55
DA:24,55
DA:25,55
DA:26,55
DA:27,55
DA:28,55
DA:29,55
DA:66,105
DA:67,105
DA:68,105
DA:69,105
DA:70,105
DA:71,105
DA:72,105
DA:73,105
DA:74,105
DA:75,105
DA:76,105
DA:77,105
DA:78,145
DA:79,40
DA:80,40
DA:84,5
DA:85,5
DA:86,5
DA:89,0
DA:92,5
DA:93,5
DA:94,5
DA:98,5
DA:101,25
DA:102,25
DA:105,0
DA:106,0
DA:109,25
DA:110,25
DA:111,25
DA:112,25
DA:113,25
DA:116,0
DA:117,0
DA:118,0
DA:119,0
DA:120,0
DA:124,0
DA:125,0
DA:126,0
DA:128,105
DA:129,350
DA:149,10
DA:168,25
DA:176,25
DA:184,25
DA:193,0
DA:195,0
DA:201,0
DA:203,10
DA:209,10
DA:211,110
DA:221,70
DA:230,115
DA:237,15
DA:239,115
DA:254,5
DA:264,5
DA:270,5
DA:278,5
LF:76
LH:62
BRDA:79,0,0,40
BRDA:79,0,1,0
BRDA:85,1,0,5
BRDA:85,1,1,0
BRDA:93,2,0,0
BRDA:93,2,1,5
BRDA:96,3,0,5
BRDA:96,3,1,0
BRDA:110,4,0,0
BRDA:110,4,1,25
BRDA:116,5,0,0
BRDA:116,5,1,0
BRDA:118,6,0,0
BRDA:118,6,1,0
BRDA:125,7,0,0
BRDA:125,7,1,0
BRDA:131,8,0,85
BRDA:131,8,1,265
BRDA:131,9,0,20
BRDA:131,9,1,330
BRDA:132,10,0,350
BRDA:132,10,1,105
BRDA:134,11,0,335
BRDA:134,11,1,15
BRDA:148,12,0,5
BRDA:148,12,1,330
BRDA:149,13,0,335
BRDA:149,13,1,105
BRDA:154,14,0,45
BRDA:154,14,1,290
BRDA:155,15,0,0
BRDA:155,15,1,335
BRDA:157,16,0,25
BRDA:157,16,1,310
BRDA:158,17,0,50
BRDA:158,17,1,285
BRDA:168,18,0,50
BRDA:168,18,1,15
BRDA:176,19,0,25
BRDA:176,19,1,15
BRDA:184,20,0,25
BRDA:184,20,1,15
BRDA:189,21,0,0
BRDA:189,21,1,335
BRDA:189,22,0,335
BRDA:189,22,1,20
BRDA:193,23,0,0
BRDA:193,23,1,0
BRDA:195,24,0,0
BRDA:195,24,1,0
BRDA:197,25,0,20
BRDA:197,25,1,315
BRDA:197,26,0,335
BRDA:197,26,1,20
BRDA:201,27,0,20
BRDA:201,27,1,10
BRDA:203,28,0,10
BRDA:203,28,1,10
BRDA:205,29,0,285
BRDA:205,29,1,30
BRDA:209,30,0,285
BRDA:209,30,1,95
BRDA:211,31,0,110
BRDA:211,31,1,95
BRDA:214,32,0,250
BRDA:214,32,1,85
BRDA:221,33,0,70
BRDA:221,33,1,60
BRDA:230,34,0,115
BRDA:230,34,1,105
BRDA:237,35,0,335
BRDA:237,35,1,105
BRDA:239,36,0,115
BRDA:239,36,1,105
BRDA:254,37,0,15
BRDA:254,37,1,5
BRDA:264,38,0,15
BRDA:264,38,1,5
BRDA:270,39,0,5
BRDA:270,39,1,5
BRDA:278,40,0,5
BRDA:278,40,1,5
BRF:82
BRH:65
end_of_record
TN:
SF:src/components/ThemeToggle.vue
FN:8,(anonymous_0)
FN:10,(anonymous_1)
FN:17,(anonymous_2)
FNF:3
FNH:3
FNDA:55,(anonymous_0)
FNDA:60,(anonymous_1)
FNDA:60,(anonymous_2)
DA:9,55
DA:10,55
DA:11,60
DA:17,60
LF:4
LH:4
BRDA:14,0,0,5
BRDA:14,0,1,55
BRDA:17,1,0,5
BRDA:17,1,1,55
BRF:4
BRH:4
end_of_record
TN:
SF:src/components/TimerDisplay.vue
FN:22,(anonymous_0)
FN:25,(anonymous_1)
FN:30,(anonymous_2)
FN:35,(anonymous_3)
FN:37,(anonymous_4)
FN:43,(anonymous_5)
FN:45,(anonymous_6)
FN:51,(anonymous_7)
FN:53,(anonymous_8)
FNF:9
FNH:4
FNDA:5,(anonymous_0)
FNDA:5,(anonymous_1)
FNDA:5,(anonymous_2)
FNDA:0,(anonymous_3)
FNDA:0,(anonymous_4)
FNDA:0,(anonymous_5)
FNDA:5,(anonymous_6)
FNDA:0,(anonymous_7)
FNDA:0,(anonymous_8)
DA:3,55
DA:4,55
DA:23,5
DA:24,5
DA:25,5
DA:26,5
DA:27,5
DA:28,5
DA:30,5
DA:31,5
DA:35,0
DA:37,0
DA:43,0
DA:45,5
DA:51,0
DA:53,0
LF:16
LH:11
BRDA:31,0,0,0
BRDA:31,0,1,5
BRDA:31,1,0,5
BRDA:31,1,1,0
BRDA:35,2,0,0
BRDA:35,2,1,0
BRDA:37,3,0,0
BRDA:37,3,1,0
BRDA:39,4,0,5
BRDA:39,4,1,0
BRDA:43,5,0,5
BRDA:43,5,1,5
BRDA:45,6,0,5
BRDA:45,6,1,5
BRDA:51,7,0,0
BRDA:51,7,1,0
BRDA:53,8,0,0
BRDA:53,8,1,0
BRF:18
BRH:7
end_of_record
TN:
SF:src/components/ui/button/Button.vue
FN:21,(anonymous_0)
FN:23,(anonymous_1)
FN:35,(anonymous_2)
FNF:3
FNH:3
FNDA:575,(anonymous_0)
FNDA:600,(anonymous_1)
FNDA:600,(anonymous_2)
DA:22,575
DA:23,575
DA:24,600
DA:35,600
LF:4
LH:4
BRF:0
BRH:0
end_of_record
TN:
SF:src/components/ui/button/index.ts
FNF:0
FNH:0
DA:3,55
LF:1
LH:1
BRF:0
BRH:0
end_of_record
TN:
SF:src/components/ui/input/Input.vue
FN:19,(anonymous_0)
FN:26,(anonymous_1)
FN:28,(anonymous_2)
FNF:3
FNH:3
FNDA:85,(anonymous_0)
FNDA:165,(anonymous_1)
FNDA:66,(anonymous_2)
DA:20,85
DA:21,85
DA:22,85
DA:26,85
DA:27,165
DA:28,66
LF:6
LH:6
BRDA:28,0,0,165
BRDA:28,0,1,85
BRDA:28,1,0,66
BRDA:28,1,1,0
BRF:4
BRH:3
end_of_record
TN:
SF:src/components/ui/input/index.ts
FNF:0
FNH:0
LF:0
LH:0
BRF:0
BRH:0
end_of_record
TN:
SF:src/components/ui/textarea/Textarea.vue
FN:19,(anonymous_0)
FN:26,(anonymous_1)
FN:28,(anonymous_2)
FNF:3
FNH:3
FNDA:60,(anonymous_0)
FNDA:65,(anonymous_1)
FNDA:6,(anonymous_2)
DA:20,60
DA:21,60
DA:22,60
DA:26,60
DA:27,65
DA:28,6
LF:6
LH:6
BRDA:28,0,0,65
BRDA:28,0,1,60
BRDA:28,1,0,6
BRDA:28,1,1,0
BRF:4
BRH:3
end_of_record
TN:
SF:src/components/ui/textarea/index.ts
FNF:0
FNH:0
LF:0
LH:0
BRF:0
BRH:0
end_of_record
TN:
SF:src/composables/useColorMode.ts
FN:9,useColorMode
FN:20,(anonymous_1)
FN:21,toggle
FNF:3
FNH:3
FNDA:55,useColorMode
FNDA:60,(anonymous_1)
FNDA:5,toggle
DA:10,55
DA:20,60
DA:22,5
DA:24,55
LF:4
LH:4
BRDA:22,0,0,5
BRDA:22,0,1,0
BRF:2
BRH:1
end_of_record
TN:
SF:src/composables/usePomodoroCounts.ts
FN:8,sessionRefersToTask
FN:24,computeCounts
FN:70,usePomodoroCounts
FN:72,loadSessions
FN:76,(anonymous_4)
FNF:5
FNH:4
FNDA:0,sessionRefersToTask
FNDA:125,computeCounts
FNDA:55,usePomodoroCounts
FNDA:55,loadSessions
FNDA:125,(anonymous_4)
DA:9,0
DA:10,0
DA:25,125
DA:26,125
DA:27,125
DA:28,240
DA:29,85
DA:30,85
DA:31,85
DA:34,125
DA:35,240
DA:36,240
DA:37,240
DA:38,240
DA:39,240
DA:40,0
DA:41,0
DA:42,0
DA:45,240
DA:46,240
DA:47,240
DA:48,240
DA:49,85
DA:50,85
DA:51,0
DA:52,0
DA:53,0
DA:57,240
DA:62,125
DA:71,55
DA:73,55
DA:74,55
DA:76,125
DA:77,55
LF:34
LH:26
BRDA:9,0,0,0
BRDA:9,0,1,0
BRDA:9,1,0,0
BRDA:9,1,1,0
BRDA:10,2,0,0
BRDA:10,2,1,0
BRDA:28,3,0,85
BRDA:28,3,1,155
BRDA:28,4,0,240
BRDA:28,4,1,85
BRDA:29,5,0,85
BRDA:29,5,1,60
BRDA:35,6,0,0
BRDA:35,6,1,240
BRDA:40,7,0,0
BRDA:40,7,1,0
BRDA:42,8,0,0
BRDA:42,8,1,0
BRDA:47,9,0,240
BRDA:47,9,1,180
BRDA:49,10,0,0
BRDA:49,10,1,85
BRDA:51,11,0,0
BRDA:51,11,1,0
BRDA:53,12,0,0
BRDA:53,12,1,0
BRF:26
BRH:10
end_of_record
TN:
SF:src/composables/useSession.ts
FN:2,useSession
FN:3,createSession
FNF:2
FNH:1
FNDA:55,useSession
FNDA:0,createSession
DA:4,0
DA:5,0
DA:12,0
DA:14,55
LF:4
LH:1
BRF:0
BRH:0
end_of_record
TN:
SF:src/composables/useTasks.ts
FN:3,useTasks
FN:7,loadTasks
FN:12,(anonymous_2)
FN:20,addTask
FN:23,(anonymous_4)
FN:24,(anonymous_5)
FN:36,addSubTask
FN:46,(anonymous_7)
FN:47,(anonymous_8)
FN:60,toggleTask
FN:63,(anonymous_10)
FN:71,(anonymous_11)
FN:78,(anonymous_12)
FN:80,(anonymous_13)
FN:84,(anonymous_14)
FN:85,(anonymous_15)
FN:94,(anonymous_16)
FN:96,startTask
FN:99,(anonymous_18)
FN:157,updateTask
FN:166,(anonymous_20)
FN:169,removeTask
FN:172,(anonymous_22)
FN:175,(anonymous_23)
FN:175,(anonymous_24)
FN:177,(anonymous_25)
FN:178,(anonymous_26)
FN:180,reorderTask
FN:184,(anonymous_28)
FN:185,(anonymous_29)
FN:191,(anonymous_30)
FN:191,(anonymous_31)
FN:192,(anonymous_32)
FN:197,(anonymous_33)
FN:201,(anonymous_34)
FN:206,(anonymous_35)
FN:206,(anonymous_36)
FN:208,(anonymous_37)
FN:208,(anonymous_38)
FNF:39
FNH:24
FNDA:55,useTasks
FNDA:55,loadTasks
FNDA:55,(anonymous_2)
FNDA:25,addTask
FNDA:5,(anonymous_4)
FNDA:5,(anonymous_5)
FNDA:25,addSubTask
FNDA:35,(anonymous_7)
FNDA:10,(anonymous_8)
FNDA:10,toggleTask
FNDA:10,(anonymous_10)
FNDA:0,(anonymous_11)
FNDA:0,(anonymous_12)
FNDA:0,(anonymous_13)
FNDA:20,(anonymous_14)
FNDA:10,(anonymous_15)
FNDA:5,(anonymous_16)
FNDA:10,startTask
FNDA:15,(anonymous_18)
FNDA:5,updateTask
FNDA:5,(anonymous_20)
FNDA:10,removeTask
FNDA:20,(anonymous_22)
FNDA:10,(anonymous_23)
FNDA:10,(anonymous_24)
FNDA:10,(anonymous_25)
FNDA:20,(anonymous_26)
FNDA:0,reorderTask
FNDA:0,(anonymous_28)
FNDA:0,(anonymous_29)
FNDA:0,(anonymous_30)
FNDA:0,(anonymous_31)
FNDA:0,(anonymous_32)
FNDA:0,(anonymous_33)
FNDA:0,(anonymous_34)
FNDA:0,(anonymous_35)
FNDA:0,(anonymous_36)
FNDA:0,(anonymous_37)
FNDA:0,(anonymous_38)
DA:4,55
DA:5,55
DA:6,55
DA:8,55
DA:9,55
DA:10,55
DA:11,55
DA:12,55
DA:17,55
DA:21,25
DA:22,25
DA:23,25
DA:24,25
DA:25,25
DA:32,25
DA:33,25
DA:34,25
DA:37,25
DA:38,25
DA:39,25
DA:40,0
DA:42,25
DA:43,0
DA:45,25
DA:46,35
DA:47,25
DA:48,25
DA:56,25
DA:57,25
DA:58,25
DA:61,10
DA:62,10
DA:63,10
DA:64,10
DA:65,10
DA:66,0
DA:70,0
DA:71,0
DA:72,0
DA:73,0
DA:77,0
DA:78,0
DA:80,0
DA:82,0
DA:84,20
DA:85,10
DA:86,10
DA:87,5
DA:89,5
DA:93,5
DA:94,5
DA:97,10
DA:98,10
DA:99,15
DA:100,10
DA:101,10
DA:102,10
DA:103,0
DA:105,10
DA:106,10
DA:107,10
DA:108,15
DA:109,15
DA:110,5
DA:111,5
DA:114,10
DA:115,10
DA:116,5
DA:117,5
DA:118,5
DA:125,5
DA:127,10
DA:128,10
DA:129,5
DA:131,10
DA:132,10
DA:133,10
DA:134,15
DA:135,15
DA:136,10
DA:140,10
DA:141,10
DA:142,10
DA:143,5
DA:144,5
DA:148,5
DA:149,5
DA:151,0
DA:154,10
DA:155,10
DA:158,5
DA:159,5
DA:160,5
DA:161,5
DA:165,5
DA:166,5
DA:167,5
DA:170,10
DA:171,10
DA:172,20
DA:173,10
DA:174,10
DA:175,10
DA:176,10
DA:177,10
DA:178,20
DA:181,0
DA:182,0
DA:183,0
DA:184,0
DA:185,0
DA:186,0
DA:187,0
DA:188,0
DA:189,0
DA:190,0
DA:191,0
DA:192,0
DA:193,0
DA:194,0
DA:195,0
DA:196,0
DA:197,0
DA:198,0
DA:199,0
DA:200,0
DA:201,0
DA:205,0
DA:206,0
DA:207,0
DA:208,0
DA:210,55
LF:132
LH:94
BRDA:12,0,0,0
BRDA:12,0,1,55
BRDA:33,1,0,25
BRDA:33,1,1,0
BRDA:39,2,0,0
BRDA:39,2,1,25
BRDA:42,3,0,0
BRDA:42,3,1,25
BRDA:57,4,0,25
BRDA:57,4,1,0
BRDA:64,5,0,0
BRDA:64,5,1,10
BRDA:65,6,0,0
BRDA:65,6,1,10
BRDA:71,7,0,0
BRDA:71,7,1,0
BRDA:72,8,0,0
BRDA:72,8,1,0
BRDA:72,9,0,0
BRDA:72,9,1,0
BRDA:78,10,0,0
BRDA:78,10,1,0
BRDA:78,11,0,0
BRDA:78,11,1,0
BRDA:80,12,0,0
BRDA:80,12,1,0
BRDA:86,13,0,5
BRDA:86,13,1,5
BRDA:94,14,0,5
BRDA:94,14,1,0
BRDA:100,15,0,0
BRDA:100,15,1,10
BRDA:102,16,0,0
BRDA:102,16,1,10
BRDA:108,17,0,0
BRDA:108,17,1,15
BRDA:109,18,0,10
BRDA:109,18,1,5
BRDA:109,19,0,15
BRDA:109,19,1,5
BRDA:110,20,0,5
BRDA:110,20,1,0
BRDA:116,21,0,0
BRDA:116,21,1,5
BRDA:117,22,0,0
BRDA:117,22,1,5
BRDA:117,23,0,5
BRDA:117,23,1,5
BRDA:119,24,0,0
BRDA:119,24,1,5
BRDA:120,25,0,0
BRDA:120,25,1,5
BRDA:122,26,0,5
BRDA:122,26,1,0
BRDA:129,27,0,5
BRDA:129,27,1,0
BRDA:134,28,0,0
BRDA:134,28,1,15
BRDA:135,29,0,10
BRDA:135,29,1,5
BRDA:135,30,0,15
BRDA:135,30,1,5
BRDA:143,31,0,5
BRDA:143,31,1,0
BRDA:160,32,0,0
BRDA:160,32,1,5
BRDA:167,33,0,5
BRDA:167,33,1,0
BRDA:181,34,0,0
BRDA:181,34,1,0
BRDA:186,35,0,0
BRDA:186,35,1,0
BRDA:186,36,0,0
BRDA:186,36,1,0
BRDA:189,37,0,0
BRDA:189,37,1,0
BRDA:190,38,0,0
BRDA:190,38,1,0
BRDA:190,39,0,0
BRDA:190,39,1,0
BRDA:191,40,0,0
BRDA:191,40,1,0
BRDA:193,41,0,0
BRDA:193,41,1,0
BRDA:196,42,0,0
BRDA:196,42,1,0
BRDA:198,43,0,0
BRDA:198,43,1,0
BRDA:199,44,0,0
BRDA:199,44,1,0
BRDA:208,45,0,0
BRDA:208,45,1,0
BRF:92
BRH:34
end_of_record
TN:
SF:src/composables/useTimer.ts
FN:2,useTimer
FN:8,clear
FN:14,start
FN:19,(anonymous_3)
FN:30,pause
FN:36,resume
FN:41,reset
FN:47,onComplete
FNF:8
FNH:5
FNDA:55,useTimer
FNDA:20,clear
FNDA:10,start
FNDA:0,(anonymous_3)
FNDA:0,pause
FNDA:0,resume
FNDA:10,reset
FNDA:10,onComplete
DA:3,55
DA:4,55
DA:5,55
DA:6,55
DA:7,55
DA:9,20
DA:10,5
DA:11,5
DA:15,10
DA:16,10
DA:17,10
DA:18,10
DA:19,10
DA:20,0
DA:21,0
DA:22,0
DA:23,0
DA:24,0
DA:25,0
DA:26,0
DA:31,0
DA:32,0
DA:33,0
DA:34,0
DA:37,0
DA:38,0
DA:42,10
DA:43,10
DA:44,10
DA:45,10
DA:48,10
DA:50,55
LF:32
LH:19
BRDA:9,0,0,5
BRDA:9,0,1,15
BRDA:15,1,0,0
BRDA:15,1,1,10
BRDA:21,2,0,0
BRDA:21,2,1,0
BRDA:31,3,0,0
BRDA:31,3,1,0
BRDA:37,4,0,0
BRDA:37,4,1,0
BRF:10
BRH:3
end_of_record
TN:
SF:src/db/index.ts
FN:9,backfillStatus
FN:13,getDb
FN:15,(anonymous_2)
FN:72,__resetDbForTests
FN:78,(anonymous_4)
FN:80,(anonymous_5)
FN:81,(anonymous_6)
FN:82,(anonymous_7)
FNF:8
FNH:2
FNDA:0,backfillStatus
FNDA:195,getDb
FNDA:25,(anonymous_2)
FNDA:0,__resetDbForTests
FNDA:0,(anonymous_4)
FNDA:0,(anonymous_5)
FNDA:0,(anonymous_6)
FNDA:0,(anonymous_7)
DA:2,55
DA:3,55
DA:10,0
DA:12,55
DA:14,195
DA:15,55
DA:16,25
DA:17,25
DA:21,25
DA:22,25
DA:24,25
DA:25,25
DA:26,25
DA:27,0
DA:29,25
DA:30,25
DA:31,25
DA:32,0
DA:33,0
DA:34,0
DA:39,0
DA:40,0
DA:43,25
DA:44,25
DA:45,25
DA:46,25
DA:47,0
DA:48,0
DA:49,0
DA:53,0
DA:55,25
DA:56,25
DA:60,25
DA:61,25
DA:66,195
DA:73,0
DA:74,0
DA:75,0
DA:76,0
DA:78,0
DA:79,0
DA:80,0
DA:81,0
DA:82,0
LF:44
LH:24
BRDA:10,0,0,0
BRDA:10,0,1,0
BRDA:14,1,0,55
BRDA:14,1,1,140
BRDA:16,2,0,25
BRDA:16,2,1,0
BRDA:24,3,0,25
BRDA:24,3,1,0
BRDA:26,4,0,0
BRDA:26,4,1,25
BRDA:33,5,0,0
BRDA:33,5,1,0
BRDA:43,6,0,25
BRDA:43,6,1,0
BRDA:55,7,0,25
BRDA:55,7,1,0
BRDA:73,8,0,0
BRDA:73,8,1,0
BRF:18
BRH:7
end_of_record
TN:
SF:src/lib/utils.ts
FN:3,cn
FNF:1
FNH:1
FNDA:830,cn
DA:4,830
LF:1
LH:1
BRF:0
BRH:0
end_of_record
TN:
SF:src/main.ts
FNF:0
FNH:0
DA:5,55
DA:6,55
DA:7,55
LF:3
LH:3
BRF:0
BRH:0
end_of_record
TN:
SF:src/router/index.ts
FNF:0
FNH:0
DA:3,55
DA:4,55
LF:2
LH:2
BRF:0
BRH:0
end_of_record
TN:
SF:src/views/BacklogView.vue
FN:33,(anonymous_0)
FN:44,taskTimerState
FN:58,(anonymous_2)
FN:60,(anonymous_3)
FN:60,(anonymous_4)
FN:67,(anonymous_5)
FN:67,(anonymous_6)
FN:78,onSubmit
FN:85,toggle
FN:92,(anonymous_9)
FN:95,start
FN:102,(anonymous_11)
FN:106,(anonymous_12)
FN:121,pauseTimer
FN:124,resumeTimer
FN:127,update
FN:131,remove
FN:133,(anonymous_17)
FN:140,onAddSubTask
FN:144,onDragStarted
FN:147,onDropped
FN:153,(anonymous_21)
FN:157,(anonymous_22)
FN:166,(anonymous_23)
FN:184,(anonymous_24)
FN:195,(anonymous_25)
FN:199,(anonymous_26)
FN:209,(anonymous_27)
FN:209,(anonymous_28)
FN:216,(anonymous_29)
FN:217,(anonymous_30)
FN:220,(anonymous_31)
FN:221,(anonymous_32)
FN:222,(anonymous_33)
FNF:34
FNH:26
FNDA:55,(anonymous_0)
FNDA:255,taskTimerState
FNDA:125,(anonymous_2)
FNDA:240,(anonymous_3)
FNDA:30,(anonymous_4)
FNDA:320,(anonymous_5)
FNDA:25,(anonymous_6)
FNDA:25,onSubmit
FNDA:10,toggle
FNDA:15,(anonymous_9)
FNDA:10,start
FNDA:0,(anonymous_11)
FNDA:0,(anonymous_12)
FNDA:0,pauseTimer
FNDA:0,resumeTimer
FNDA:5,update
FNDA:15,remove
FNDA:30,(anonymous_17)
FNDA:25,onAddSubTask
FNDA:0,onDragStarted
FNDA:0,onDropped
FNDA:55,(anonymous_21)
FNDA:305,(anonymous_22)
FNDA:0,(anonymous_23)
FNDA:25,(anonymous_24)
FNDA:0,(anonymous_25)
FNDA:55,(anonymous_26)
FNDA:135,(anonymous_27)
FNDA:255,(anonymous_28)
FNDA:10,(anonymous_29)
FNDA:10,(anonymous_30)
FNDA:5,(anonymous_31)
FNDA:15,(anonymous_32)
FNDA:25,(anonymous_33)
DA:3,55
DA:4,55
DA:5,55
DA:6,55
DA:10,55
DA:14,55
DA:30,55
DA:34,55
DA:35,55
DA:36,55
DA:37,55
DA:38,55
DA:39,55
DA:40,55
DA:41,55
DA:42,55
DA:43,55
DA:45,255
DA:46,235
DA:52,20
DA:58,55
DA:59,125
DA:60,240
DA:61,125
DA:62,155
DA:67,320
DA:68,155
DA:69,85
DA:76,125
DA:79,25
DA:80,25
DA:81,25
DA:82,25
DA:83,25
DA:86,10
DA:87,10
DA:88,10
DA:89,10
DA:91,5
DA:92,15
DA:96,10
DA:97,10
DA:98,10
DA:99,10
DA:100,10
DA:101,10
DA:102,10
DA:103,0
DA:104,0
DA:105,0
DA:106,0
DA:107,0
DA:108,0
DA:115,0
DA:116,0
DA:117,0
DA:119,10
DA:122,0
DA:125,0
DA:128,5
DA:129,5
DA:132,15
DA:133,30
DA:134,15
DA:135,10
DA:136,10
DA:138,10
DA:141,25
DA:142,25
DA:145,0
DA:148,0
DA:149,0
DA:150,0
DA:151,0
DA:153,55
DA:154,55
DA:155,55
DA:157,55
DA:158,305
DA:166,0
DA:184,25
DA:195,0
DA:199,55
DA:209,135
DA:210,255
DA:216,10
DA:217,10
DA:220,5
DA:221,15
DA:222,25
LF:90
LH:72
BRDA:45,0,0,235
BRDA:45,0,1,20
BRDA:45,1,0,255
BRDA:45,1,1,255
BRDA:65,2,0,155
BRDA:65,2,1,0
BRDA:65,3,0,155
BRDA:65,3,1,0
BRDA:72,4,0,85
BRDA:72,4,1,0
BRDA:72,5,0,85
BRDA:72,5,1,0
BRDA:80,6,0,0
BRDA:80,6,1,25
BRDA:81,7,0,25
BRDA:81,7,1,25
BRDA:86,8,0,0
BRDA:86,8,1,10
BRDA:91,9,0,5
BRDA:91,9,1,0
BRDA:96,10,0,0
BRDA:96,10,1,10
BRDA:105,11,0,0
BRDA:105,11,1,0
BRDA:105,12,0,0
BRDA:105,12,1,0
BRDA:107,13,0,0
BRDA:107,13,1,0
BRDA:109,14,0,0
BRDA:109,14,1,0
BRDA:110,15,0,0
BRDA:110,15,1,0
BRDA:128,16,0,0
BRDA:128,16,1,5
BRDA:132,17,0,0
BRDA:132,17,1,15
BRDA:134,18,0,10
BRDA:134,18,1,5
BRDA:136,19,0,5
BRDA:136,19,1,5
BRDA:141,20,0,0
BRDA:141,20,1,25
BRDA:150,21,0,0
BRDA:150,21,1,0
BRDA:150,22,0,0
BRDA:150,22,1,0
BRDA:159,23,0,305
BRDA:159,23,1,55
BRDA:160,24,0,30
BRDA:160,24,1,275
BRDA:160,25,0,305
BRDA:160,25,1,30
BRDA:160,25,2,0
BRDA:166,26,0,30
BRDA:166,26,1,5
BRDA:178,27,0,305
BRDA:178,27,1,55
BRDA:184,28,0,305
BRDA:184,28,1,55
BRDA:189,29,0,305
BRDA:189,29,1,55
BRDA:195,30,0,305
BRDA:195,30,1,55
BRDA:199,31,0,55
BRDA:199,31,1,55
BRDA:203,32,0,56
BRDA:203,32,1,249
BRDA:203,33,0,114
BRDA:203,33,1,135
BRDA:238,34,0,5
BRDA:238,34,1,300
BRF:71
BRH:45
end_of_record
