{"total": {"lines":{"total":364,"covered":256,"skipped":0,"pct":70.32},"statements":{"total":437,"covered":282,"skipped":0,"pct":64.53},"functions":{"total":125,"covered":88,"skipped":0,"pct":70.4},"branches":{"total":242,"covered":126,"skipped":0,"pct":52.06},"branchesTrue":{"total":0,"covered":0,"skipped":0,"pct":100}}
,"/home/runner/work/todo-pomodoro/todo-pomodoro/src/App.vue": {"lines":{"total":4,"covered":4,"skipped":0,"pct":100},"functions":{"total":2,"covered":2,"skipped":0,"pct":100},"statements":{"total":4,"covered":4,"skipped":0,"pct":100},"branches":{"total":0,"covered":0,"skipped":0,"pct":100}}
,"/home/runner/work/todo-pomodoro/todo-pomodoro/src/components/TaskItem.vue": {"lines":{"total":72,"covered":60,"skipped":0,"pct":83.33},"functions":{"total":27,"covered":21,"skipped":0,"pct":77.77},"statements":{"total":77,"covered":61,"skipped":0,"pct":79.22},"branches":{"total":64,"covered":52,"skipped":0,"pct":81.25}}
,"/home/runner/work/todo-pomodoro/todo-pomodoro/src/components/ThemeToggle.vue": {"lines":{"total":4,"covered":4,"skipped":0,"pct":100},"functions":{"total":3,"covered":3,"skipped":0,"pct":100},"statements":{"total":4,"covered":4,"skipped":0,"pct":100},"branches":{"total":4,"covered":4,"skipped":0,"pct":100}}
,"/home/runner/work/todo-pomodoro/todo-pomodoro/src/components/ui/button/Button.vue": {"lines":{"total":4,"covered":4,"skipped":0,"pct":100},"functions":{"total":3,"covered":3,"skipped":0,"pct":100},"statements":{"total":4,"covered":4,"skipped":0,"pct":100},"branches":{"total":0,"covered":0,"skipped":0,"pct":100}}
,"/home/runner/work/todo-pomodoro/todo-pomodoro/src/components/ui/button/index.ts": {"lines":{"total":1,"covered":1,"skipped":0,"pct":100},"functions":{"total":0,"covered":0,"skipped":0,"pct":100},"statements":{"total":1,"covered":1,"skipped":0,"pct":100},"branches":{"total":0,"covered":0,"skipped":0,"pct":100}}
,"/home/runner/work/todo-pomodoro/todo-pomodoro/src/components/ui/input/Input.vue": {"lines":{"total":6,"covered":6,"skipped":0,"pct":100},"functions":{"total":3,"covered":3,"skipped":0,"pct":100},"statements":{"total":6,"covered":6,"skipped":0,"pct":100},"branches":{"total":4,"covered":3,"skipped":0,"pct":75}}
,"/home/runner/work/todo-pomodoro/todo-pomodoro/src/components/ui/input/index.ts": {"lines":{"total":0,"covered":0,"skipped":0,"pct":0},"functions":{"total":0,"covered":0,"skipped":0,"pct":0},"statements":{"total":0,"covered":0,"skipped":0,"pct":0},"branches":{"total":0,"covered":0,"skipped":0,"pct":0}}
,"/home/runner/work/todo-pomodoro/todo-pomodoro/src/components/ui/textarea/Textarea.vue": {"lines":{"total":6,"covered":6,"skipped":0,"pct":100},"functions":{"total":3,"covered":3,"skipped":0,"pct":100},"statements":{"total":6,"covered":6,"skipped":0,"pct":100},"branches":{"total":4,"covered":3,"skipped":0,"pct":75}}
,"/home/runner/work/todo-pomodoro/todo-pomodoro/src/components/ui/textarea/index.ts": {"lines":{"total":0,"covered":0,"skipped":0,"pct":0},"functions":{"total":0,"covered":0,"skipped":0,"pct":0},"statements":{"total":0,"covered":0,"skipped":0,"pct":0},"branches":{"total":0,"covered":0,"skipped":0,"pct":0}}
,"/home/runner/work/todo-pomodoro/todo-pomodoro/src/composables/useColorMode.ts": {"lines":{"total":4,"covered":4,"skipped":0,"pct":100},"functions":{"total":3,"covered":3,"skipped":0,"pct":100},"statements":{"total":5,"covered":5,"skipped":0,"pct":100},"branches":{"total":2,"covered":1,"skipped":0,"pct":50}}
,"/home/runner/work/todo-pomodoro/todo-pomodoro/src/composables/usePomodoroCounts.ts": {"lines":{"total":34,"covered":26,"skipped":0,"pct":76.47},"functions":{"total":5,"covered":4,"skipped":0,"pct":80},"statements":{"total":40,"covered":27,"skipped":0,"pct":67.5},"branches":{"total":26,"covered":10,"skipped":0,"pct":38.46}}
,"/home/runner/work/todo-pomodoro/todo-pomodoro/src/composables/useTasks.ts": {"lines":{"total":114,"covered":56,"skipped":0,"pct":49.12},"functions":{"total":39,"covered":20,"skipped":0,"pct":51.28},"statements":{"total":158,"covered":72,"skipped":0,"pct":45.56},"branches":{"total":70,"covered":12,"skipped":0,"pct":17.14}}
,"/home/runner/work/todo-pomodoro/todo-pomodoro/src/db/index.ts": {"lines":{"total":44,"covered":24,"skipped":0,"pct":54.54},"functions":{"total":8,"covered":2,"skipped":0,"pct":25},"statements":{"total":47,"covered":24,"skipped":0,"pct":51.06},"branches":{"total":18,"covered":7,"skipped":0,"pct":38.88}}
,"/home/runner/work/todo-pomodoro/todo-pomodoro/src/lib/utils.ts": {"lines":{"total":1,"covered":1,"skipped":0,"pct":100},"functions":{"total":1,"covered":1,"skipped":0,"pct":100},"statements":{"total":1,"covered":1,"skipped":0,"pct":100},"branches":{"total":0,"covered":0,"skipped":0,"pct":100}}
,"/home/runner/work/todo-pomodoro/todo-pomodoro/src/main.ts": {"lines":{"total":3,"covered":3,"skipped":0,"pct":100},"functions":{"total":0,"covered":0,"skipped":0,"pct":100},"statements":{"total":3,"covered":3,"skipped":0,"pct":100},"branches":{"total":0,"covered":0,"skipped":0,"pct":100}}
,"/home/runner/work/todo-pomodoro/todo-pomodoro/src/router/index.ts": {"lines":{"total":2,"covered":2,"skipped":0,"pct":100},"functions":{"total":0,"covered":0,"skipped":0,"pct":100},"statements":{"total":2,"covered":2,"skipped":0,"pct":100},"branches":{"total":0,"covered":0,"skipped":0,"pct":100}}
,"/home/runner/work/todo-pomodoro/todo-pomodoro/src/views/BacklogView.vue": {"lines":{"total":65,"covered":55,"skipped":0,"pct":84.61},"functions":{"total":28,"covered":23,"skipped":0,"pct":82.14},"statements":{"total":79,"covered":62,"skipped":0,"pct":78.48},"branches":{"total":50,"covered":34,"skipped":0,"pct":68}}
}
