{"total": {"lines":{"total":185,"covered":128,"skipped":0,"pct":69.18},"statements":{"total":212,"covered":134,"skipped":0,"pct":63.2},"functions":{"total":67,"covered":50,"skipped":0,"pct":74.62},"branches":{"total":110,"covered":64,"skipped":0,"pct":58.18},"branchesTrue":{"total":0,"covered":0,"skipped":0,"pct":100}}
,"/home/runner/work/todo-pomodoro/todo-pomodoro/src/App.vue": {"lines":{"total":4,"covered":4,"skipped":0,"pct":100},"functions":{"total":2,"covered":2,"skipped":0,"pct":100},"statements":{"total":4,"covered":4,"skipped":0,"pct":100},"branches":{"total":0,"covered":0,"skipped":0,"pct":100}}
,"/home/runner/work/todo-pomodoro/todo-pomodoro/src/components/TaskItem.vue": {"lines":{"total":42,"covered":33,"skipped":0,"pct":78.57},"functions":{"total":16,"covered":12,"skipped":0,"pct":75},"statements":{"total":45,"covered":33,"skipped":0,"pct":73.33},"branches":{"total":36,"covered":27,"skipped":0,"pct":75}}
,"/home/runner/work/todo-pomodoro/todo-pomodoro/src/components/ThemeToggle.vue": {"lines":{"total":4,"covered":4,"skipped":0,"pct":100},"functions":{"total":3,"covered":3,"skipped":0,"pct":100},"statements":{"total":4,"covered":4,"skipped":0,"pct":100},"branches":{"total":4,"covered":4,"skipped":0,"pct":100}}
,"/home/runner/work/todo-pomodoro/todo-pomodoro/src/components/ui/button/Button.vue": {"lines":{"total":4,"covered":4,"skipped":0,"pct":100},"functions":{"total":3,"covered":3,"skipped":0,"pct":100},"statements":{"total":4,"covered":4,"skipped":0,"pct":100},"branches":{"total":0,"covered":0,"skipped":0,"pct":100}}
,"/home/runner/work/todo-pomodoro/todo-pomodoro/src/components/ui/button/index.ts": {"lines":{"total":1,"covered":1,"skipped":0,"pct":100},"functions":{"total":0,"covered":0,"skipped":0,"pct":100},"statements":{"total":1,"covered":1,"skipped":0,"pct":100},"branches":{"total":0,"covered":0,"skipped":0,"pct":100}}
,"/home/runner/work/todo-pomodoro/todo-pomodoro/src/components/ui/input/Input.vue": {"lines":{"total":6,"covered":6,"skipped":0,"pct":100},"functions":{"total":3,"covered":3,"skipped":0,"pct":100},"statements":{"total":6,"covered":6,"skipped":0,"pct":100},"branches":{"total":4,"covered":3,"skipped":0,"pct":75}}
,"/home/runner/work/todo-pomodoro/todo-pomodoro/src/components/ui/input/index.ts": {"lines":{"total":0,"covered":0,"skipped":0,"pct":0},"functions":{"total":0,"covered":0,"skipped":0,"pct":0},"statements":{"total":0,"covered":0,"skipped":0,"pct":0},"branches":{"total":0,"covered":0,"skipped":0,"pct":0}}
,"/home/runner/work/todo-pomodoro/todo-pomodoro/src/components/ui/textarea/Textarea.vue": {"lines":{"total":6,"covered":6,"skipped":0,"pct":100},"functions":{"total":3,"covered":3,"skipped":0,"pct":100},"statements":{"total":6,"covered":6,"skipped":0,"pct":100},"branches":{"total":4,"covered":3,"skipped":0,"pct":75}}
,"/home/runner/work/todo-pomodoro/todo-pomodoro/src/components/ui/textarea/index.ts": {"lines":{"total":0,"covered":0,"skipped":0,"pct":0},"functions":{"total":0,"covered":0,"skipped":0,"pct":0},"statements":{"total":0,"covered":0,"skipped":0,"pct":0},"branches":{"total":0,"covered":0,"skipped":0,"pct":0}}
,"/home/runner/work/todo-pomodoro/todo-pomodoro/src/composables/useColorMode.ts": {"lines":{"total":4,"covered":4,"skipped":0,"pct":100},"functions":{"total":3,"covered":3,"skipped":0,"pct":100},"statements":{"total":5,"covered":5,"skipped":0,"pct":100},"branches":{"total":2,"covered":1,"skipped":0,"pct":50}}
,"/home/runner/work/todo-pomodoro/todo-pomodoro/src/composables/useTasks.ts": {"lines":{"total":49,"covered":25,"skipped":0,"pct":51.02},"functions":{"total":16,"covered":8,"skipped":0,"pct":50},"statements":{"total":67,"covered":30,"skipped":0,"pct":44.77},"branches":{"total":20,"covered":4,"skipped":0,"pct":20}}
,"/home/runner/work/todo-pomodoro/todo-pomodoro/src/db/index.ts": {"lines":{"total":23,"covered":11,"skipped":0,"pct":47.82},"functions":{"total":2,"covered":2,"skipped":0,"pct":100},"statements":{"total":23,"covered":11,"skipped":0,"pct":47.82},"branches":{"total":10,"covered":3,"skipped":0,"pct":30}}
,"/home/runner/work/todo-pomodoro/todo-pomodoro/src/lib/utils.ts": {"lines":{"total":1,"covered":1,"skipped":0,"pct":100},"functions":{"total":1,"covered":1,"skipped":0,"pct":100},"statements":{"total":1,"covered":1,"skipped":0,"pct":100},"branches":{"total":0,"covered":0,"skipped":0,"pct":100}}
,"/home/runner/work/todo-pomodoro/todo-pomodoro/src/main.ts": {"lines":{"total":3,"covered":3,"skipped":0,"pct":100},"functions":{"total":0,"covered":0,"skipped":0,"pct":100},"statements":{"total":3,"covered":3,"skipped":0,"pct":100},"branches":{"total":0,"covered":0,"skipped":0,"pct":100}}
,"/home/runner/work/todo-pomodoro/todo-pomodoro/src/router/index.ts": {"lines":{"total":2,"covered":2,"skipped":0,"pct":100},"functions":{"total":0,"covered":0,"skipped":0,"pct":100},"statements":{"total":2,"covered":2,"skipped":0,"pct":100},"branches":{"total":0,"covered":0,"skipped":0,"pct":100}}
,"/home/runner/work/todo-pomodoro/todo-pomodoro/src/views/BacklogView.vue": {"lines":{"total":36,"covered":24,"skipped":0,"pct":66.66},"functions":{"total":15,"covered":10,"skipped":0,"pct":66.66},"statements":{"total":41,"covered":24,"skipped":0,"pct":58.53},"branches":{"total":30,"covered":19,"skipped":0,"pct":63.33}}
}
