TN:
SF:src/App.vue
FN:9,(anonymous_0)
FN:10,(anonymous_1)
FNF:2
FNH:2
FNDA:20,(anonymous_0)
FNDA:20,(anonymous_1)
DA:3,20
DA:4,20
DA:10,20
DA:11,20
LF:4
LH:4
BRF:0
BRH:0
end_of_record
TN:
SF:src/components/TaskItem.vue
FN:30,(anonymous_0)
FN:38,startEdit
FN:43,cancel
FN:46,save
FN:55,onDragStart
FN:63,onDrop
FN:68,(anonymous_6)
FN:71,(anonymous_7)
FN:86,(anonymous_8)
FN:95,(anonymous_9)
FN:101,(anonymous_10)
FN:103,(anonymous_11)
FN:117,(anonymous_12)
FN:127,(anonymous_13)
FN:133,(anonymous_14)
FN:141,(anonymous_15)
FNF:16
FNH:12
FNDA:15,(anonymous_0)
FNDA:5,startEdit
FNDA:0,cancel
FNDA:5,save
FNDA:0,onDragStart
FNDA:0,onDrop
FNDA:45,(anonymous_6)
FNDA:0,(anonymous_7)
FNDA:5,(anonymous_8)
FNDA:25,(anonymous_9)
FNDA:5,(anonymous_10)
FNDA:25,(anonymous_11)
FNDA:5,(anonymous_12)
FNDA:5,(anonymous_13)
FNDA:5,(anonymous_14)
FNDA:5,(anonymous_15)
DA:3,20
DA:4,20
DA:5,20
DA:9,20
DA:10,20
DA:11,20
DA:12,20
DA:13,20
DA:14,20
DA:31,15
DA:32,15
DA:33,15
DA:34,15
DA:35,15
DA:36,15
DA:37,15
DA:39,5
DA:40,5
DA:41,5
DA:44,0
DA:47,5
DA:48,5
DA:49,5
DA:53,5
DA:56,0
DA:57,0
DA:58,0
DA:59,0
DA:60,0
DA:64,0
DA:65,0
DA:66,0
DA:68,15
DA:69,45
DA:86,5
DA:95,25
DA:101,5
DA:103,25
DA:117,5
DA:127,5
DA:133,5
DA:141,5
LF:42
LH:33
BRDA:40,0,0,5
BRDA:40,0,1,0
BRDA:48,1,0,0
BRDA:48,1,1,5
BRDA:51,2,0,5
BRDA:51,2,1,0
BRDA:56,3,0,0
BRDA:56,3,1,0
BRDA:58,4,0,0
BRDA:58,4,1,0
BRDA:65,5,0,0
BRDA:65,5,1,0
BRDA:71,6,0,45
BRDA:71,6,1,15
BRDA:73,7,0,30
BRDA:73,7,1,15
BRDA:85,8,0,5
BRDA:85,8,1,25
BRDA:86,9,0,30
BRDA:86,9,1,15
BRDA:88,10,0,20
BRDA:88,10,1,10
BRDA:95,11,0,25
BRDA:95,11,1,15
BRDA:101,12,0,30
BRDA:101,12,1,15
BRDA:103,13,0,25
BRDA:103,13,1,15
BRDA:117,14,0,15
BRDA:117,14,1,5
BRDA:127,15,0,15
BRDA:127,15,1,5
BRDA:133,16,0,5
BRDA:133,16,1,5
BRDA:141,17,0,5
BRDA:141,17,1,5
BRF:36
BRH:27
end_of_record
TN:
SF:src/components/ThemeToggle.vue
FN:8,(anonymous_0)
FN:10,(anonymous_1)
FN:17,(anonymous_2)
FNF:3
FNH:3
FNDA:20,(anonymous_0)
FNDA:25,(anonymous_1)
FNDA:25,(anonymous_2)
DA:9,20
DA:10,20
DA:11,25
DA:17,25
LF:4
LH:4
BRDA:14,0,0,5
BRDA:14,0,1,20
BRDA:17,1,0,5
BRDA:17,1,1,20
BRF:4
BRH:4
end_of_record
TN:
SF:src/components/ui/button/Button.vue
FN:21,(anonymous_0)
FN:23,(anonymous_1)
FN:35,(anonymous_2)
FNF:3
FNH:3
FNDA:90,(anonymous_0)
FNDA:105,(anonymous_1)
FNDA:105,(anonymous_2)
DA:22,90
DA:23,90
DA:24,105
DA:35,105
LF:4
LH:4
BRF:0
BRH:0
end_of_record
TN:
SF:src/components/ui/button/index.ts
FNF:0
FNH:0
DA:3,20
LF:1
LH:1
BRF:0
BRH:0
end_of_record
TN:
SF:src/components/ui/input/Input.vue
FN:19,(anonymous_0)
FN:26,(anonymous_1)
FN:28,(anonymous_2)
FNF:3
FNH:3
FNDA:25,(anonymous_0)
FNDA:30,(anonymous_1)
FNDA:6,(anonymous_2)
DA:20,25
DA:21,25
DA:22,25
DA:26,25
DA:27,30
DA:28,6
LF:6
LH:6
BRDA:28,0,0,30
BRDA:28,0,1,25
BRDA:28,1,0,6
BRDA:28,1,1,0
BRF:4
BRH:3
end_of_record
TN:
SF:src/components/ui/input/index.ts
FNF:0
FNH:0
LF:0
LH:0
BRF:0
BRH:0
end_of_record
TN:
SF:src/components/ui/textarea/Textarea.vue
FN:19,(anonymous_0)
FN:26,(anonymous_1)
FN:28,(anonymous_2)
FNF:3
FNH:3
FNDA:25,(anonymous_0)
FNDA:30,(anonymous_1)
FNDA:6,(anonymous_2)
DA:20,25
DA:21,25
DA:22,25
DA:26,25
DA:27,30
DA:28,6
LF:6
LH:6
BRDA:28,0,0,30
BRDA:28,0,1,25
BRDA:28,1,0,6
BRDA:28,1,1,0
BRF:4
BRH:3
end_of_record
TN:
SF:src/components/ui/textarea/index.ts
FNF:0
FNH:0
LF:0
LH:0
BRF:0
BRH:0
end_of_record
TN:
SF:src/composables/useColorMode.ts
FN:9,useColorMode
FN:20,(anonymous_1)
FN:21,toggle
FNF:3
FNH:3
FNDA:20,useColorMode
FNDA:25,(anonymous_1)
FNDA:5,toggle
DA:10,20
DA:20,25
DA:22,5
DA:24,20
LF:4
LH:4
BRDA:22,0,0,5
BRDA:22,0,1,0
BRF:2
BRH:1
end_of_record
TN:
SF:src/composables/useTasks.ts
FN:3,useTasks
FN:6,loadTasks
FN:15,addTask
FN:18,(anonymous_3)
FN:30,toggleTask
FN:36,(anonymous_5)
FN:39,updateTask
FN:48,(anonymous_7)
FN:51,removeTask
FN:54,(anonymous_9)
FN:56,reorderTask
FN:60,(anonymous_11)
FN:65,(anonymous_12)
FN:69,(anonymous_13)
FN:74,(anonymous_14)
FN:74,(anonymous_15)
FNF:16
FNH:8
FNDA:20,useTasks
FNDA:20,loadTasks
FNDA:0,addTask
FNDA:0,(anonymous_3)
FNDA:5,toggleTask
FNDA:5,(anonymous_5)
FNDA:5,updateTask
FNDA:5,(anonymous_7)
FNDA:5,removeTask
FNDA:5,(anonymous_9)
FNDA:0,reorderTask
FNDA:0,(anonymous_11)
FNDA:0,(anonymous_12)
FNDA:0,(anonymous_13)
FNDA:0,(anonymous_14)
FNDA:0,(anonymous_15)
DA:4,20
DA:5,20
DA:7,20
DA:8,20
DA:9,20
DA:10,20
DA:12,20
DA:16,0
DA:17,0
DA:18,0
DA:19,0
DA:26,0
DA:27,0
DA:28,0
DA:31,5
DA:32,5
DA:33,5
DA:34,5
DA:35,5
DA:36,5
DA:37,5
DA:40,5
DA:41,5
DA:42,5
DA:43,5
DA:47,5
DA:48,5
DA:49,5
DA:52,5
DA:53,5
DA:54,5
DA:57,0
DA:58,0
DA:59,0
DA:60,0
DA:61,0
DA:62,0
DA:63,0
DA:64,0
DA:65,0
DA:66,0
DA:67,0
DA:68,0
DA:69,0
DA:73,0
DA:74,0
DA:75,0
DA:76,0
DA:78,20
LF:49
LH:25
BRDA:27,0,0,0
BRDA:27,0,1,0
BRDA:33,1,0,0
BRDA:33,1,1,5
BRDA:37,2,0,5
BRDA:37,2,1,0
BRDA:42,3,0,0
BRDA:42,3,1,5
BRDA:49,4,0,5
BRDA:49,4,1,0
BRDA:57,5,0,0
BRDA:57,5,1,0
BRDA:61,6,0,0
BRDA:61,6,1,0
BRDA:64,7,0,0
BRDA:64,7,1,0
BRDA:66,8,0,0
BRDA:66,8,1,0
BRDA:67,9,0,0
BRDA:67,9,1,0
BRF:20
BRH:4
end_of_record
TN:
SF:src/db/index.ts
FN:5,getDb
FN:7,(anonymous_1)
FNF:2
FNH:2
FNDA:35,getDb
FNDA:5,(anonymous_1)
DA:2,20
DA:3,20
DA:4,20
DA:6,35
DA:7,20
DA:8,5
DA:9,5
DA:13,5
DA:14,5
DA:15,5
DA:17,0
DA:18,0
DA:19,0
DA:21,0
DA:22,0
DA:23,0
DA:24,0
DA:25,0
DA:26,0
DA:27,0
DA:32,0
DA:33,0
DA:38,35
LF:23
LH:11
BRDA:6,0,0,20
BRDA:6,0,1,15
BRDA:8,1,0,5
BRDA:8,1,1,0
BRDA:18,2,0,0
BRDA:18,2,1,0
BRDA:21,3,0,0
BRDA:21,3,1,0
BRDA:26,4,0,0
BRDA:26,4,1,0
BRF:10
BRH:3
end_of_record
TN:
SF:src/lib/utils.ts
FN:3,cn
FNF:1
FNH:1
FNDA:165,cn
DA:4,165
LF:1
LH:1
BRF:0
BRH:0
end_of_record
TN:
SF:src/main.ts
FNF:0
FNH:0
DA:5,20
DA:6,20
DA:7,20
LF:3
LH:3
BRF:0
BRH:0
end_of_record
TN:
SF:src/router/index.ts
FNF:0
FNH:0
DA:3,20
DA:4,20
LF:2
LH:2
BRF:0
BRH:0
end_of_record
TN:
SF:src/views/BacklogView.vue
FN:26,(anonymous_0)
FN:31,onSubmit
FN:38,toggle
FN:42,update
FN:46,remove
FN:50,onDragStarted
FN:53,onDropped
FN:60,(anonymous_7)
FN:73,(anonymous_8)
FN:84,(anonymous_9)
FN:88,(anonymous_10)
FN:92,(anonymous_11)
FN:96,(anonymous_12)
FN:97,(anonymous_13)
FN:98,(anonymous_14)
FNF:15
FNH:10
FNDA:20,(anonymous_0)
FNDA:0,onSubmit
FNDA:5,toggle
FNDA:5,update
FNDA:5,remove
FNDA:0,onDragStarted
FNDA:0,onDropped
FNDA:75,(anonymous_7)
FNDA:0,(anonymous_8)
FNDA:0,(anonymous_9)
FNDA:20,(anonymous_10)
FNDA:25,(anonymous_11)
FNDA:5,(anonymous_12)
FNDA:5,(anonymous_13)
FNDA:5,(anonymous_14)
DA:3,20
DA:4,20
DA:5,20
DA:6,20
DA:10,20
DA:14,20
DA:27,20
DA:28,20
DA:29,20
DA:30,20
DA:32,0
DA:33,0
DA:34,0
DA:35,0
DA:36,0
DA:39,5
DA:40,5
DA:43,5
DA:44,5
DA:47,5
DA:48,5
DA:51,0
DA:54,0
DA:55,0
DA:56,0
DA:57,0
DA:59,20
DA:60,20
DA:61,75
DA:73,0
DA:84,0
DA:88,20
DA:93,25
DA:96,5
DA:97,5
DA:98,5
LF:36
LH:24
BRDA:33,0,0,0
BRDA:33,0,1,0
BRDA:34,1,0,0
BRDA:34,1,1,0
BRDA:39,2,0,0
BRDA:39,2,1,5
BRDA:43,3,0,0
BRDA:43,3,1,5
BRDA:47,4,0,0
BRDA:47,4,1,5
BRDA:56,5,0,0
BRDA:56,5,1,0
BRDA:56,6,0,0
BRDA:56,6,1,0
BRDA:62,7,0,75
BRDA:62,7,1,20
BRDA:67,8,0,75
BRDA:67,8,1,20
BRDA:73,9,0,75
BRDA:73,9,1,20
BRDA:78,10,0,75
BRDA:78,10,1,20
BRDA:84,11,0,75
BRDA:84,11,1,20
BRDA:88,12,0,20
BRDA:88,12,1,20
BRDA:92,13,0,20
BRDA:92,13,1,55
BRDA:92,14,0,35
BRDA:92,14,1,20
BRF:30
BRH:19
end_of_record
