TN:
SF:src/App.vue
FN:9,(anonymous_0)
FN:10,(anonymous_1)
FNF:2
FNH:2
FNDA:50,(anonymous_0)
FNDA:50,(anonymous_1)
DA:3,50
DA:4,50
DA:10,50
DA:11,50
LF:4
LH:4
BRF:0
BRH:0
end_of_record
TN:
SF:src/components/TaskItem.vue
FN:51,(anonymous_0)
FN:64,(anonymous_1)
FN:64,(anonymous_2)
FN:69,startEdit
FN:74,cancel
FN:77,save
FN:86,startAddSubTask
FN:90,cancelAddSubTask
FN:94,submitSubTask
FN:101,onDragStart
FN:109,onDrop
FN:114,(anonymous_11)
FN:118,(anonymous_12)
FN:135,(anonymous_13)
FN:154,(anonymous_14)
FN:162,(anonymous_15)
FN:170,(anonymous_16)
FN:179,(anonymous_17)
FN:181,(anonymous_18)
FN:191,(anonymous_19)
FN:200,(anonymous_20)
FN:207,(anonymous_21)
FN:209,(anonymous_22)
FN:224,(anonymous_23)
FN:234,(anonymous_24)
FN:240,(anonymous_25)
FN:248,(anonymous_26)
FNF:27
FNH:21
FNDA:95,(anonymous_0)
FNDA:120,(anonymous_1)
FNDA:25,(anonymous_2)
FNDA:5,startEdit
FNDA:0,cancel
FNDA:5,save
FNDA:25,startAddSubTask
FNDA:0,cancelAddSubTask
FNDA:25,submitSubTask
FNDA:0,onDragStart
FNDA:0,onDrop
FNDA:305,(anonymous_11)
FNDA:0,(anonymous_12)
FNDA:10,(anonymous_13)
FNDA:25,(anonymous_14)
FNDA:25,(anonymous_15)
FNDA:25,(anonymous_16)
FNDA:0,(anonymous_17)
FNDA:95,(anonymous_18)
FNDA:60,(anonymous_19)
FNDA:105,(anonymous_20)
FNDA:15,(anonymous_21)
FNDA:105,(anonymous_22)
FNDA:5,(anonymous_23)
FNDA:5,(anonymous_24)
FNDA:5,(anonymous_25)
FNDA:5,(anonymous_26)
DA:3,50
DA:4,50
DA:5,50
DA:6,50
DA:7,50
DA:12,50
DA:17,50
DA:21,50
DA:22,50
DA:23,50
DA:24,50
DA:25,50
DA:26,50
DA:27,50
DA:28,50
DA:29,50
DA:52,95
DA:53,95
DA:54,95
DA:55,95
DA:56,95
DA:57,95
DA:58,95
DA:59,95
DA:60,95
DA:61,95
DA:62,95
DA:63,95
DA:64,120
DA:65,25
DA:66,25
DA:70,5
DA:71,5
DA:72,5
DA:75,0
DA:78,5
DA:79,5
DA:80,5
DA:84,5
DA:87,25
DA:88,25
DA:91,0
DA:92,0
DA:95,25
DA:96,25
DA:97,25
DA:98,25
DA:99,25
DA:102,0
DA:103,0
DA:104,0
DA:105,0
DA:106,0
DA:110,0
DA:111,0
DA:112,0
DA:114,95
DA:115,305
DA:135,10
DA:154,25
DA:162,25
DA:170,25
DA:179,0
DA:181,95
DA:191,60
DA:200,105
DA:207,15
DA:209,105
DA:224,5
DA:234,5
DA:240,5
DA:248,5
LF:72
LH:60
BRDA:65,0,0,25
BRDA:65,0,1,0
BRDA:71,1,0,5
BRDA:71,1,1,0
BRDA:79,2,0,0
BRDA:79,2,1,5
BRDA:82,3,0,5
BRDA:82,3,1,0
BRDA:96,4,0,0
BRDA:96,4,1,25
BRDA:102,5,0,0
BRDA:102,5,1,0
BRDA:104,6,0,0
BRDA:104,6,1,0
BRDA:111,7,0,0
BRDA:111,7,1,0
BRDA:117,8,0,85
BRDA:117,8,1,220
BRDA:118,9,0,305
BRDA:118,9,1,95
BRDA:120,10,0,290
BRDA:120,10,1,15
BRDA:134,11,0,5
BRDA:134,11,1,285
BRDA:135,12,0,290
BRDA:135,12,1,95
BRDA:140,13,0,20
BRDA:140,13,1,270
BRDA:141,14,0,0
BRDA:141,14,1,290
BRDA:143,15,0,25
BRDA:143,15,1,265
BRDA:144,16,0,50
BRDA:144,16,1,240
BRDA:154,17,0,50
BRDA:154,17,1,15
BRDA:162,18,0,25
BRDA:162,18,1,15
BRDA:170,19,0,25
BRDA:170,19,1,15
BRDA:175,20,0,270
BRDA:175,20,1,20
BRDA:179,21,0,270
BRDA:179,21,1,85
BRDA:181,22,0,95
BRDA:181,22,1,85
BRDA:184,23,0,205
BRDA:184,23,1,85
BRDA:191,24,0,60
BRDA:191,24,1,50
BRDA:200,25,0,105
BRDA:200,25,1,95
BRDA:207,26,0,290
BRDA:207,26,1,95
BRDA:209,27,0,105
BRDA:209,27,1,95
BRDA:224,28,0,15
BRDA:224,28,1,5
BRDA:234,29,0,15
BRDA:234,29,1,5
BRDA:240,30,0,5
BRDA:240,30,1,5
BRDA:248,31,0,5
BRDA:248,31,1,5
BRF:64
BRH:52
end_of_record
TN:
SF:src/components/ThemeToggle.vue
FN:8,(anonymous_0)
FN:10,(anonymous_1)
FN:17,(anonymous_2)
FNF:3
FNH:3
FNDA:50,(anonymous_0)
FNDA:55,(anonymous_1)
FNDA:55,(anonymous_2)
DA:9,50
DA:10,50
DA:11,55
DA:17,55
LF:4
LH:4
BRDA:14,0,0,5
BRDA:14,0,1,50
BRDA:17,1,0,5
BRDA:17,1,1,50
BRF:4
BRH:4
end_of_record
TN:
SF:src/components/ui/button/Button.vue
FN:21,(anonymous_0)
FN:23,(anonymous_1)
FN:35,(anonymous_2)
FNF:3
FNH:3
FNDA:505,(anonymous_0)
FNDA:530,(anonymous_1)
FNDA:530,(anonymous_2)
DA:22,505
DA:23,505
DA:24,530
DA:35,530
LF:4
LH:4
BRF:0
BRH:0
end_of_record
TN:
SF:src/components/ui/button/index.ts
FNF:0
FNH:0
DA:3,50
LF:1
LH:1
BRF:0
BRH:0
end_of_record
TN:
SF:src/components/ui/input/Input.vue
FN:19,(anonymous_0)
FN:26,(anonymous_1)
FN:28,(anonymous_2)
FNF:3
FNH:3
FNDA:80,(anonymous_0)
FNDA:140,(anonymous_1)
FNDA:54,(anonymous_2)
DA:20,80
DA:21,80
DA:22,80
DA:26,80
DA:27,140
DA:28,54
LF:6
LH:6
BRDA:28,0,0,140
BRDA:28,0,1,80
BRDA:28,1,0,54
BRDA:28,1,1,0
BRF:4
BRH:3
end_of_record
TN:
SF:src/components/ui/input/index.ts
FNF:0
FNH:0
LF:0
LH:0
BRF:0
BRH:0
end_of_record
TN:
SF:src/components/ui/textarea/Textarea.vue
FN:19,(anonymous_0)
FN:26,(anonymous_1)
FN:28,(anonymous_2)
FNF:3
FNH:3
FNDA:55,(anonymous_0)
FNDA:60,(anonymous_1)
FNDA:6,(anonymous_2)
DA:20,55
DA:21,55
DA:22,55
DA:26,55
DA:27,60
DA:28,6
LF:6
LH:6
BRDA:28,0,0,60
BRDA:28,0,1,55
BRDA:28,1,0,6
BRDA:28,1,1,0
BRF:4
BRH:3
end_of_record
TN:
SF:src/components/ui/textarea/index.ts
FNF:0
FNH:0
LF:0
LH:0
BRF:0
BRH:0
end_of_record
TN:
SF:src/composables/useColorMode.ts
FN:9,useColorMode
FN:20,(anonymous_1)
FN:21,toggle
FNF:3
FNH:3
FNDA:50,useColorMode
FNDA:55,(anonymous_1)
FNDA:5,toggle
DA:10,50
DA:20,55
DA:22,5
DA:24,50
LF:4
LH:4
BRDA:22,0,0,5
BRDA:22,0,1,0
BRF:2
BRH:1
end_of_record
TN:
SF:src/composables/usePomodoroCounts.ts
FN:8,sessionRefersToTask
FN:24,computeCounts
FN:70,usePomodoroCounts
FN:72,loadSessions
FN:76,(anonymous_4)
FNF:5
FNH:4
FNDA:0,sessionRefersToTask
FNDA:105,computeCounts
FNDA:50,usePomodoroCounts
FNDA:50,loadSessions
FNDA:105,(anonymous_4)
DA:9,0
DA:10,0
DA:25,105
DA:26,105
DA:27,105
DA:28,210
DA:29,85
DA:30,85
DA:31,85
DA:34,105
DA:35,210
DA:36,210
DA:37,210
DA:38,210
DA:39,210
DA:40,0
DA:41,0
DA:42,0
DA:45,210
DA:46,210
DA:47,210
DA:48,210
DA:49,85
DA:50,85
DA:51,0
DA:52,0
DA:53,0
DA:57,210
DA:62,105
DA:71,50
DA:73,50
DA:74,50
DA:76,105
DA:77,50
LF:34
LH:26
BRDA:9,0,0,0
BRDA:9,0,1,0
BRDA:9,1,0,0
BRDA:9,1,1,0
BRDA:10,2,0,0
BRDA:10,2,1,0
BRDA:28,3,0,85
BRDA:28,3,1,125
BRDA:28,4,0,210
BRDA:28,4,1,85
BRDA:29,5,0,85
BRDA:29,5,1,60
BRDA:35,6,0,0
BRDA:35,6,1,210
BRDA:40,7,0,0
BRDA:40,7,1,0
BRDA:42,8,0,0
BRDA:42,8,1,0
BRDA:47,9,0,210
BRDA:47,9,1,150
BRDA:49,10,0,0
BRDA:49,10,1,85
BRDA:51,11,0,0
BRDA:51,11,1,0
BRDA:53,12,0,0
BRDA:53,12,1,0
BRF:26
BRH:10
end_of_record
TN:
SF:src/composables/useTasks.ts
FN:3,useTasks
FN:6,loadTasks
FN:11,(anonymous_2)
FN:19,addTask
FN:22,(anonymous_4)
FN:23,(anonymous_5)
FN:35,addSubTask
FN:45,(anonymous_7)
FN:46,(anonymous_8)
FN:59,toggleTask
FN:62,(anonymous_10)
FN:70,(anonymous_11)
FN:77,(anonymous_12)
FN:79,(anonymous_13)
FN:83,(anonymous_14)
FN:84,(anonymous_15)
FN:93,(anonymous_16)
FN:95,startTask
FN:98,(anonymous_18)
FN:129,updateTask
FN:138,(anonymous_20)
FN:141,removeTask
FN:144,(anonymous_22)
FN:147,(anonymous_23)
FN:147,(anonymous_24)
FN:149,(anonymous_25)
FN:150,(anonymous_26)
FN:152,reorderTask
FN:156,(anonymous_28)
FN:157,(anonymous_29)
FN:163,(anonymous_30)
FN:163,(anonymous_31)
FN:164,(anonymous_32)
FN:169,(anonymous_33)
FN:173,(anonymous_34)
FN:178,(anonymous_35)
FN:178,(anonymous_36)
FN:180,(anonymous_37)
FN:180,(anonymous_38)
FNF:39
FNH:20
FNDA:50,useTasks
FNDA:50,loadTasks
FNDA:55,(anonymous_2)
FNDA:15,addTask
FNDA:0,(anonymous_4)
FNDA:0,(anonymous_5)
FNDA:25,addSubTask
FNDA:35,(anonymous_7)
FNDA:10,(anonymous_8)
FNDA:10,toggleTask
FNDA:10,(anonymous_10)
FNDA:0,(anonymous_11)
FNDA:0,(anonymous_12)
FNDA:0,(anonymous_13)
FNDA:20,(anonymous_14)
FNDA:10,(anonymous_15)
FNDA:5,(anonymous_16)
FNDA:0,startTask
FNDA:0,(anonymous_18)
FNDA:5,updateTask
FNDA:5,(anonymous_20)
FNDA:10,removeTask
FNDA:20,(anonymous_22)
FNDA:10,(anonymous_23)
FNDA:10,(anonymous_24)
FNDA:10,(anonymous_25)
FNDA:20,(anonymous_26)
FNDA:0,reorderTask
FNDA:0,(anonymous_28)
FNDA:0,(anonymous_29)
FNDA:0,(anonymous_30)
FNDA:0,(anonymous_31)
FNDA:0,(anonymous_32)
FNDA:0,(anonymous_33)
FNDA:0,(anonymous_34)
FNDA:0,(anonymous_35)
FNDA:0,(anonymous_36)
FNDA:0,(anonymous_37)
FNDA:0,(anonymous_38)
DA:4,50
DA:5,50
DA:7,50
DA:8,50
DA:9,50
DA:10,50
DA:11,55
DA:16,50
DA:20,15
DA:21,15
DA:22,15
DA:23,15
DA:24,15
DA:31,15
DA:32,15
DA:33,15
DA:36,25
DA:37,25
DA:38,25
DA:39,0
DA:41,25
DA:42,0
DA:44,25
DA:45,35
DA:46,25
DA:47,25
DA:55,25
DA:56,25
DA:57,25
DA:60,10
DA:61,10
DA:62,10
DA:63,10
DA:64,10
DA:65,0
DA:69,0
DA:70,0
DA:71,0
DA:72,0
DA:76,0
DA:77,0
DA:79,0
DA:81,0
DA:83,20
DA:84,10
DA:85,10
DA:86,5
DA:88,5
DA:92,5
DA:93,5
DA:96,0
DA:97,0
DA:98,0
DA:99,0
DA:100,0
DA:101,0
DA:102,0
DA:104,0
DA:105,0
DA:106,0
DA:107,0
DA:108,0
DA:109,0
DA:113,0
DA:114,0
DA:115,0
DA:116,0
DA:120,0
DA:121,0
DA:123,0
DA:126,0
DA:127,0
DA:130,5
DA:131,5
DA:132,5
DA:133,5
DA:137,5
DA:138,5
DA:139,5
DA:142,10
DA:143,10
DA:144,20
DA:145,10
DA:146,10
DA:147,10
DA:148,10
DA:149,10
DA:150,20
DA:153,0
DA:154,0
DA:155,0
DA:156,0
DA:157,0
DA:158,0
DA:159,0
DA:160,0
DA:161,0
DA:162,0
DA:163,0
DA:164,0
DA:165,0
DA:166,0
DA:167,0
DA:168,0
DA:169,0
DA:170,0
DA:171,0
DA:172,0
DA:173,0
DA:177,0
DA:178,0
DA:179,0
DA:180,0
DA:182,50
LF:114
LH:56
BRDA:11,0,0,0
BRDA:11,0,1,55
BRDA:32,1,0,15
BRDA:32,1,1,0
BRDA:38,2,0,0
BRDA:38,2,1,25
BRDA:41,3,0,0
BRDA:41,3,1,25
BRDA:56,4,0,25
BRDA:56,4,1,0
BRDA:63,5,0,0
BRDA:63,5,1,10
BRDA:64,6,0,0
BRDA:64,6,1,10
BRDA:70,7,0,0
BRDA:70,7,1,0
BRDA:71,8,0,0
BRDA:71,8,1,0
BRDA:71,9,0,0
BRDA:71,9,1,0
BRDA:77,10,0,0
BRDA:77,10,1,0
BRDA:77,11,0,0
BRDA:77,11,1,0
BRDA:79,12,0,0
BRDA:79,12,1,0
BRDA:85,13,0,5
BRDA:85,13,1,5
BRDA:93,14,0,5
BRDA:93,14,1,0
BRDA:99,15,0,0
BRDA:99,15,1,0
BRDA:101,16,0,0
BRDA:101,16,1,0
BRDA:107,17,0,0
BRDA:107,17,1,0
BRDA:108,18,0,0
BRDA:108,18,1,0
BRDA:108,19,0,0
BRDA:108,19,1,0
BRDA:115,20,0,0
BRDA:115,20,1,0
BRDA:132,21,0,0
BRDA:132,21,1,5
BRDA:139,22,0,5
BRDA:139,22,1,0
BRDA:153,23,0,0
BRDA:153,23,1,0
BRDA:158,24,0,0
BRDA:158,24,1,0
BRDA:158,25,0,0
BRDA:158,25,1,0
BRDA:161,26,0,0
BRDA:161,26,1,0
BRDA:162,27,0,0
BRDA:162,27,1,0
BRDA:162,28,0,0
BRDA:162,28,1,0
BRDA:163,29,0,0
BRDA:163,29,1,0
BRDA:165,30,0,0
BRDA:165,30,1,0
BRDA:168,31,0,0
BRDA:168,31,1,0
BRDA:170,32,0,0
BRDA:170,32,1,0
BRDA:171,33,0,0
BRDA:171,33,1,0
BRDA:180,34,0,0
BRDA:180,34,1,0
BRF:70
BRH:12
end_of_record
TN:
SF:src/db/index.ts
FN:9,backfillStatus
FN:13,getDb
FN:15,(anonymous_2)
FN:72,__resetDbForTests
FN:78,(anonymous_4)
FN:80,(anonymous_5)
FN:81,(anonymous_6)
FN:82,(anonymous_7)
FNF:8
FNH:2
FNDA:0,backfillStatus
FNDA:165,getDb
FNDA:20,(anonymous_2)
FNDA:0,__resetDbForTests
FNDA:0,(anonymous_4)
FNDA:0,(anonymous_5)
FNDA:0,(anonymous_6)
FNDA:0,(anonymous_7)
DA:2,50
DA:3,50
DA:10,0
DA:12,50
DA:14,165
DA:15,50
DA:16,20
DA:17,20
DA:21,20
DA:22,20
DA:24,20
DA:25,20
DA:26,20
DA:27,0
DA:29,20
DA:30,20
DA:31,20
DA:32,0
DA:33,0
DA:34,0
DA:39,0
DA:40,0
DA:43,20
DA:44,20
DA:45,20
DA:46,20
DA:47,0
DA:48,0
DA:49,0
DA:53,0
DA:55,20
DA:56,20
DA:60,20
DA:61,20
DA:66,165
DA:73,0
DA:74,0
DA:75,0
DA:76,0
DA:78,0
DA:79,0
DA:80,0
DA:81,0
DA:82,0
LF:44
LH:24
BRDA:10,0,0,0
BRDA:10,0,1,0
BRDA:14,1,0,50
BRDA:14,1,1,115
BRDA:16,2,0,20
BRDA:16,2,1,0
BRDA:24,3,0,20
BRDA:24,3,1,0
BRDA:26,4,0,0
BRDA:26,4,1,20
BRDA:33,5,0,0
BRDA:33,5,1,0
BRDA:43,6,0,20
BRDA:43,6,1,0
BRDA:55,7,0,20
BRDA:55,7,1,0
BRDA:73,8,0,0
BRDA:73,8,1,0
BRF:18
BRH:7
end_of_record
TN:
SF:src/lib/utils.ts
FN:3,cn
FNF:1
FNH:1
FNDA:730,cn
DA:4,730
LF:1
LH:1
BRF:0
BRH:0
end_of_record
TN:
SF:src/main.ts
FNF:0
FNH:0
DA:5,50
DA:6,50
DA:7,50
LF:3
LH:3
BRF:0
BRH:0
end_of_record
TN:
SF:src/router/index.ts
FNF:0
FNH:0
DA:3,50
DA:4,50
LF:2
LH:2
BRF:0
BRH:0
end_of_record
TN:
SF:src/views/BacklogView.vue
FN:29,(anonymous_0)
FN:36,(anonymous_1)
FN:38,(anonymous_2)
FN:38,(anonymous_3)
FN:45,(anonymous_4)
FN:45,(anonymous_5)
FN:56,onSubmit
FN:63,toggle
FN:70,(anonymous_8)
FN:73,start
FN:78,update
FN:82,remove
FN:84,(anonymous_12)
FN:91,onAddSubTask
FN:95,onDragStarted
FN:98,onDropped
FN:104,(anonymous_16)
FN:108,(anonymous_17)
FN:121,(anonymous_18)
FN:132,(anonymous_19)
FN:136,(anonymous_20)
FN:146,(anonymous_21)
FN:146,(anonymous_22)
FN:152,(anonymous_23)
FN:153,(anonymous_24)
FN:154,(anonymous_25)
FN:155,(anonymous_26)
FN:156,(anonymous_27)
FNF:28
FNH:23
FNDA:50,(anonymous_0)
FNDA:105,(anonymous_1)
FNDA:210,(anonymous_2)
FNDA:20,(anonymous_3)
FNDA:270,(anonymous_4)
FNDA:25,(anonymous_5)
FNDA:15,onSubmit
FNDA:10,toggle
FNDA:15,(anonymous_8)
FNDA:0,start
FNDA:5,update
FNDA:15,remove
FNDA:30,(anonymous_12)
FNDA:25,onAddSubTask
FNDA:0,onDragStarted
FNDA:0,onDropped
FNDA:50,(anonymous_16)
FNDA:240,(anonymous_17)
FNDA:15,(anonymous_18)
FNDA:0,(anonymous_19)
FNDA:50,(anonymous_20)
FNDA:105,(anonymous_21)
FNDA:210,(anonymous_22)
FNDA:10,(anonymous_23)
FNDA:0,(anonymous_24)
FNDA:5,(anonymous_25)
FNDA:15,(anonymous_26)
FNDA:25,(anonymous_27)
DA:3,50
DA:4,50
DA:5,50
DA:6,50
DA:10,50
DA:14,50
DA:30,50
DA:31,50
DA:32,50
DA:33,50
DA:34,50
DA:35,50
DA:36,50
DA:37,105
DA:38,210
DA:39,105
DA:40,125
DA:45,270
DA:46,125
DA:47,85
DA:54,105
DA:57,15
DA:58,15
DA:59,15
DA:60,15
DA:61,15
DA:64,10
DA:65,10
DA:66,10
DA:67,10
DA:69,5
DA:70,15
DA:74,0
DA:75,0
DA:76,0
DA:79,5
DA:80,5
DA:83,15
DA:84,30
DA:85,15
DA:86,10
DA:87,10
DA:89,10
DA:92,25
DA:93,25
DA:96,0
DA:99,0
DA:100,0
DA:101,0
DA:102,0
DA:104,50
DA:105,50
DA:106,50
DA:108,50
DA:109,240
DA:121,15
DA:132,0
DA:136,50
DA:146,105
DA:147,210
DA:152,10
DA:153,0
DA:154,5
DA:155,15
DA:156,25
LF:65
LH:55
BRDA:43,0,0,125
BRDA:43,0,1,0
BRDA:43,1,0,125
BRDA:43,1,1,0
BRDA:50,2,0,85
BRDA:50,2,1,0
BRDA:50,3,0,85
BRDA:50,3,1,0
BRDA:58,4,0,0
BRDA:58,4,1,15
BRDA:59,5,0,15
BRDA:59,5,1,15
BRDA:64,6,0,0
BRDA:64,6,1,10
BRDA:69,7,0,5
BRDA:69,7,1,0
BRDA:74,8,0,0
BRDA:74,8,1,0
BRDA:79,9,0,0
BRDA:79,9,1,5
BRDA:83,10,0,0
BRDA:83,10,1,15
BRDA:85,11,0,10
BRDA:85,11,1,5
BRDA:87,12,0,5
BRDA:87,12,1,5
BRDA:92,13,0,0
BRDA:92,13,1,25
BRDA:101,14,0,0
BRDA:101,14,1,0
BRDA:101,15,0,0
BRDA:101,15,1,0
BRDA:110,16,0,240
BRDA:110,16,1,50
BRDA:115,17,0,240
BRDA:115,17,1,50
BRDA:121,18,0,240
BRDA:121,18,1,50
BRDA:126,19,0,240
BRDA:126,19,1,50
BRDA:132,20,0,240
BRDA:132,20,1,50
BRDA:136,21,0,50
BRDA:136,21,1,50
BRDA:140,22,0,50
BRDA:140,22,1,190
BRDA:140,23,0,100
BRDA:140,23,1,90
BRDA:172,24,0,5
BRDA:172,24,1,235
BRF:50
BRH:34
end_of_record
